<?xml version="1.0" encoding="utf-8"?><testsuites name="pytest tests"><testsuite name="pytest" errors="0" failures="0" skipped="0" tests="14" time="8.400" timestamp="2026-02-21T21:10:47.145385+00:00" hostname="agent-env-8f965424-077a-4161-a6b3-48ded5436838"><testcase classname="tests.test_ota_invitations.TestOTASimulation" name="test_ota_simulate_sync_all_properties" time="0.677" /><testcase classname="tests.test_ota_invitations.TestOTASimulation" name="test_ota_simulate_property_sync" time="0.279" /><testcase classname="tests.test_ota_invitations.TestOTASimulation" name="test_ota_simulate_property_sync_invalid_property" time="0.114" /><testcase classname="tests.test_ota_invitations.TestOTASimulation" name="test_ota_sync_logs" time="1.263" /><testcase classname="tests.test_ota_invitations.TestOTASimulation" name="test_ota_sync_logs_filter_by_status" time="0.118" /><testcase classname="tests.test_ota_invitations.TestOTASimulation" name="test_ota_sync_logs_filter_by_source" time="0.136" /><testcase classname="tests.test_ota_invitations.TestInvitationsWithEmail" name="test_create_invitation_has_email_sent_field" time="0.124" /><testcase classname="tests.test_ota_invitations.TestInvitationsWithEmail" name="test_create_invitation_owner_role" time="0.124" /><testcase classname="tests.test_ota_invitations.TestInvitationsWithEmail" name="test_list_invitations_shows_email_sent" time="0.110" /><testcase classname="tests.test_ota_invitations.TestInvitationsWithEmail" name="test_resend_invitation_email" time="0.286" /><testcase classname="tests.test_ota_invitations.TestInvitationsWithEmail" name="test_resend_invitation_email_invalid_id" time="0.240" /><testcase classname="tests.test_ota_invitations.TestInvitationsWithEmail" name="test_create_duplicate_invitation_fails" time="0.238" /><testcase classname="tests.test_ota_invitations.TestOTABookingsIntegration" name="test_ota_sync_creates_bookings_with_ota_source" time="2.373" /><testcase classname="tests.test_ota_invitations.TestBookingsPageOTAIntegration" name="test_bookings_by_status_includes_ota_bookings" time="2.231" /></testsuite></testsuites>