<?xml version="1.0" encoding="utf-8"?><testsuites name="pytest tests"><testsuite name="pytest" errors="0" failures="0" skipped="0" tests="8" time="9.315" timestamp="2026-02-23T18:24:41.310226+00:00" hostname="agent-env-bd5fad4e-e903-4983-adfc-3f0fb43cad07"><testcase classname="backend.tests.test_invite_page.TestInvitePageAPIs" name="test_01_invitations_list_empty" time="1.023" /><testcase classname="backend.tests.test_invite_page.TestInvitePageAPIs" name="test_02_create_invitation_with_name_properties_permissions" time="1.012" /><testcase classname="backend.tests.test_invite_page.TestInvitePageAPIs" name="test_03_invitations_list_after_create" time="1.194" /><testcase classname="backend.tests.test_invite_page.TestInvitePageAPIs" name="test_04_resend_invitation_generates_new_token" time="1.286" /><testcase classname="backend.tests.test_invite_page.TestInvitePageAPIs" name="test_05_cancel_invitation" time="1.227" /><testcase classname="backend.tests.test_invite_page.TestInvitePageAPIs" name="test_06_cannot_resend_cancelled_invitation" time="1.286" /><testcase classname="backend.tests.test_invite_page.TestInvitePageAPIs" name="test_07_create_owner_invitation" time="1.172" /><testcase classname="backend.tests.test_invite_page.TestInvitePageAPIs" name="test_08_status_columns_in_response" time="1.041" /></testsuite></testsuites>