<?xml version="1.0" encoding="utf-8"?><testsuites name="pytest tests"><testsuite name="pytest" errors="0" failures="0" skipped="0" tests="11" time="0.928" timestamp="2026-02-22T23:31:42.893591+00:00" hostname="agent-env-bd5fad4e-e903-4983-adfc-3f0fb43cad07"><testcase classname="tests.test_booking_enhancements.TestBookingEnhancements" name="test_01_auth_verification" time="0.151" /><testcase classname="tests.test_booking_enhancements.TestBookingEnhancements" name="test_02_past_date_booking_rejected" time="0.063" /><testcase classname="tests.test_booking_enhancements.TestBookingEnhancements" name="test_03_today_booking_accepted" time="0.064" /><testcase classname="tests.test_booking_enhancements.TestBookingEnhancements" name="test_04_future_booking_accepted" time="0.062" /><testcase classname="tests.test_booking_enhancements.TestBookingEnhancements" name="test_05_manual_booking_has_ota_source" time="0.057" /><testcase classname="tests.test_booking_enhancements.TestBookingEnhancements" name="test_06_get_bookings_sources_endpoint" time="0.059" /><testcase classname="tests.test_booking_enhancements.TestBookingEnhancements" name="test_07_filter_bookings_by_source_direct" time="0.076" /><testcase classname="tests.test_booking_enhancements.TestBookingEnhancements" name="test_08_auto_checkout_in_list_bookings" time="0.063" /><testcase classname="tests.test_booking_enhancements.TestBookingEnhancements" name="test_09_booking_list_contains_ota_source" time="0.062" /><testcase classname="tests.test_booking_enhancements.TestBookingEnhancements" name="test_10_checkout_before_checkin_rejected" time="0.060" /><testcase classname="tests.test_booking_enhancements.TestBookingEnhancements" name="test_99_cleanup" time="0.163" /></testsuite></testsuites>