<?xml version="1.0" encoding="utf-8"?><testsuites name="pytest tests"><testsuite name="pytest" errors="0" failures="3" skipped="0" tests="17" time="10.891" timestamp="2026-02-23T17:52:53.397012+00:00" hostname="agent-env-bd5fad4e-e903-4983-adfc-3f0fb43cad07"><testcase classname="backend.tests.test_unified_invite_page.TestInvitationCreation" name="test_01_create_invitation_with_name" time="1.898" /><testcase classname="backend.tests.test_unified_invite_page.TestInvitationCreation" name="test_02_create_invitation_with_assigned_properties" time="0.177" /><testcase classname="backend.tests.test_unified_invite_page.TestInvitationCreation" name="test_03_create_invitation_with_permissions" time="0.129" /><testcase classname="backend.tests.test_unified_invite_page.TestInvitationCreation" name="test_04_create_owner_invitation" time="0.214" /><testcase classname="backend.tests.test_unified_invite_page.TestInvitationListWithStatus" name="test_05_list_invitations_returns_status" time="0.161" /><testcase classname="backend.tests.test_unified_invite_page.TestInvitationListWithStatus" name="test_06_list_invitations_shows_name_and_properties" time="0.184" /><testcase classname="backend.tests.test_unified_invite_page.TestResendInvitation" name="test_07_resend_generates_new_token" time="1.932" /><testcase classname="backend.tests.test_unified_invite_page.TestResendInvitation" name="test_08_old_token_invalid_after_resend" time="0.465" /><testcase classname="backend.tests.test_unified_invite_page.TestCancelInvitation" name="test_09_cancel_invitation_sets_status" time="0.374" /><testcase classname="backend.tests.test_unified_invite_page.TestCancelInvitation" name="test_10_cancelled_token_cleared" time="0.485"><failure message="AssertionError: Token should be empty after cancel, got 'dm7QLZdDe010kmHb1slZrcOopobVgmrOR2TRl3uRnLE'&#10;assert 'dm7QLZdDe010...rOR2TRl3uRnLE' == ''&#10;  &#10;  + dm7QLZdDe010kmHb1slZrcOopobVgmrOR2TRl3uRnLE">backend/tests/test_unified_invite_page.py:421: in test_10_cancelled_token_cleared
    assert cancelled_inv["token"] == "", f"Token should be empty after cancel, got '{cancelled_inv['token']}'"
E   AssertionError: Token should be empty after cancel, got 'dm7QLZdDe010kmHb1slZrcOopobVgmrOR2TRl3uRnLE'
E   assert 'dm7QLZdDe010...rOR2TRl3uRnLE' == ''
E     
E     + dm7QLZdDe010kmHb1slZrcOopobVgmrOR2TRl3uRnLE</failure></testcase><testcase classname="backend.tests.test_unified_invite_page.TestValidateInvitation" name="test_11_validate_cancelled_token_rejected" time="0.409"><failure message="AssertionError: Expected 400/404 for cancelled invitation, got 200&#10;assert 200 in [400, 404]&#10; +  where 200 = &lt;Response [200]&gt;.status_code">backend/tests/test_unified_invite_page.py:453: in test_11_validate_cancelled_token_rejected
    assert validate_response.status_code in [400, 404], f"Expected 400/404 for cancelled invitation, got {validate_response.status_code}"
E   AssertionError: Expected 400/404 for cancelled invitation, got 200
E   assert 200 in [400, 404]
E    +  where 200 = &lt;Response [200]&gt;.status_code</failure></testcase><testcase classname="backend.tests.test_unified_invite_page.TestValidateInvitation" name="test_12_validate_valid_token_works" time="0.274" /><testcase classname="backend.tests.test_unified_invite_page.TestDeleteInvitation" name="test_13_delete_invitation" time="0.475" /><testcase classname="backend.tests.test_unified_invite_page.TestDeleteInvitation" name="test_14_delete_nonexistent_returns_404" time="0.576" /><testcase classname="backend.tests.test_unified_invite_page.TestResendCannotResendCancelled" name="test_15_resend_cancelled_fails" time="0.530"><failure message="AssertionError: Expected 400 for cancelled invitation resend, got 200&#10;assert 200 == 400&#10; +  where 200 = &lt;Response [200]&gt;.status_code">backend/tests/test_unified_invite_page.py:554: in test_15_resend_cancelled_fails
    assert resend_response.status_code == 400, f"Expected 400 for cancelled invitation resend, got {resend_response.status_code}"
E   AssertionError: Expected 400 for cancelled invitation resend, got 200
E   assert 200 == 400
E    +  where 200 = &lt;Response [200]&gt;.status_code</failure></testcase><testcase classname="backend.tests.test_unified_invite_page.TestInvitation48HourExpiry" name="test_16_invitation_expires_in_48_hours" time="0.258" /><testcase classname="backend.tests.test_unified_invite_page.TestCleanup" name="test_99_cleanup" time="2.237" /></testsuite></testsuites>