<?xml version="1.0" encoding="utf-8"?><testsuites name="pytest tests"><testsuite name="pytest" errors="0" failures="0" skipped="0" tests="10" time="5.436" timestamp="2026-02-26T17:49:09.767604+00:00" hostname="agent-env-3dd96d27-c60e-4d7d-b540-84a34fa2ed36"><testcase classname="tests.test_auto_task_generation.TestTasksEndpoints" name="test_01_regenerate_tasks_endpoint_exists" time="0.542" /><testcase classname="tests.test_auto_task_generation.TestTasksEndpoints" name="test_02_regenerate_tasks_requires_admin" time="0.162" /><testcase classname="tests.test_auto_task_generation.TestTasksEndpoints" name="test_03_create_booking_generates_auto_tasks" time="0.822" /><testcase classname="tests.test_auto_task_generation.TestTasksEndpoints" name="test_04_auto_generated_tasks_have_correct_types" time="0.160" /><testcase classname="tests.test_auto_task_generation.TestTasksEndpoints" name="test_05_housekeeper_gets_cleaning_task" time="0.163" /><testcase classname="tests.test_auto_task_generation.TestTasksEndpoints" name="test_06_cohost_gets_checkin_checkout_tasks" time="0.235" /><testcase classname="tests.test_auto_task_generation.TestTasksEndpoints" name="test_07_regenerate_creates_tasks_for_existing_bookings" time="1.202" /><testcase classname="tests.test_auto_task_generation.TestTasksEndpoints" name="test_08_tasks_list_includes_auto_generated_flag" time="0.137" /><testcase classname="tests.test_auto_task_generation.TestTasksEndpoints" name="test_09_tasks_list_endpoint_authenticated" time="0.495" /><testcase classname="tests.test_auto_task_generation.TestBookingTaskIntegration" name="test_10_booking_with_staff_creates_tasks" time="1.469" /></testsuite></testsuites>