<?xml version="1.0" encoding="utf-8"?><testsuites name="pytest tests"><testsuite name="pytest" errors="0" failures="0" skipped="0" tests="12" time="6.223" timestamp="2026-02-23T20:12:14.824329+00:00" hostname="agent-env-65e65f28-06e7-4b7b-920e-b16dffd06268"><testcase classname="backend.tests.test_owner_oauth_invitation.TestOwnerInvitationRegistration" name="test_01_validate_invitation_returns_correct_data" time="0.957" /><testcase classname="backend.tests.test_owner_oauth_invitation.TestOwnerInvitationRegistration" name="test_02_validate_invitation_returns_404_for_invalid_token" time="0.169" /><testcase classname="backend.tests.test_owner_oauth_invitation.TestOwnerInvitationRegistration" name="test_03_password_registration_assigns_properties" time="0.350" /><testcase classname="backend.tests.test_owner_oauth_invitation.TestOwnerInvitationRegistration" name="test_04_owner_dashboard_kpis_filtered_by_assigned_properties" time="0.473" /><testcase classname="backend.tests.test_owner_oauth_invitation.TestOwnerInvitationRegistration" name="test_05_owner_properties_list_filtered" time="0.130" /><testcase classname="backend.tests.test_owner_oauth_invitation.TestOwnerInvitationRegistration" name="test_06_owner_bookings_list_filtered" time="0.200" /><testcase classname="backend.tests.test_owner_oauth_invitation.TestOwnerInvitationRegistration" name="test_07_owner_revenue_trends_filtered" time="0.153" /><testcase classname="backend.tests.test_owner_oauth_invitation.TestOwnerInvitationRegistration" name="test_08_invitation_marked_as_used" time="0.644" /><testcase classname="backend.tests.test_owner_oauth_invitation.TestOAuthSessionExchange" name="test_01_validate_oauth_invitation" time="0.920" /><testcase classname="backend.tests.test_owner_oauth_invitation.TestExistingUserOAuthInvitation" name="test_01_existing_user_password_registration_updates_role" time="1.107" /><testcase classname="backend.tests.test_owner_oauth_invitation.TestAdminCanSeeAllData" name="test_01_admin_sees_all_properties" time="0.513" /><testcase classname="backend.tests.test_owner_oauth_invitation.TestAdminCanSeeAllData" name="test_02_admin_kpis_include_all_properties" time="0.523" /></testsuite></testsuites>