<?xml version="1.0" encoding="utf-8"?><testsuites name="pytest tests"><testsuite name="pytest" errors="0" failures="0" skipped="1" tests="18" time="7.892" timestamp="2026-02-21T20:04:22.637232+00:00" hostname="agent-env-8f965424-077a-4161-a6b3-48ded5436838"><testcase classname="backend.tests.test_new_features.TestAdminDashboardKPIs" name="test_admin_dashboard_returns_all_kpis" time="0.635" /><testcase classname="backend.tests.test_new_features.TestAdminDashboardKPIs" name="test_admin_dashboard_revenue_trends" time="0.072" /><testcase classname="backend.tests.test_new_features.TestOwnerDashboardKPIs" name="test_owner_dashboard_filtered_kpis" time="0.465"><skipped type="pytest.skip" message="Failed to create owner user">/app/backend/tests/test_new_features.py:317: Failed to create owner user</skipped></testcase><testcase classname="backend.tests.test_new_features.TestStaffDashboardKPIs" name="test_staff_dashboard_specific_kpis" time="0.573" /><testcase classname="backend.tests.test_new_features.TestOTAWebhook" name="test_ota_webhook_booking_created" time="1.178" /><testcase classname="backend.tests.test_new_features.TestOTAWebhook" name="test_ota_webhook_booking_updated" time="1.265" /><testcase classname="backend.tests.test_new_features.TestOTAWebhook" name="test_ota_webhook_booking_cancelled" time="1.278" /><testcase classname="backend.tests.test_new_features.TestOTAWebhook" name="test_ota_webhook_invalid_company" time="0.141" /><testcase classname="backend.tests.test_new_features.TestOTASyncLogs" name="test_ota_sync_logs_list" time="0.074" /><testcase classname="backend.tests.test_new_features.TestOTASyncLogs" name="test_ota_sync_logs_filter_by_status" time="0.066" /><testcase classname="backend.tests.test_new_features.TestOTASyncLogs" name="test_ota_sync_logs_filter_by_source" time="0.067" /><testcase classname="backend.tests.test_new_features.TestSubscriptionMiddleware" name="test_trial_subscription_allows_requests" time="0.228" /><testcase classname="backend.tests.test_new_features.TestSubscriptionMiddleware" name="test_inactive_subscription_blocks_post" time="0.582" /><testcase classname="backend.tests.test_new_features.TestSubscriptionMiddleware" name="test_inactive_subscription_blocks_put" time="0.116" /><testcase classname="backend.tests.test_new_features.TestSubscriptionMiddleware" name="test_inactive_subscription_blocks_delete" time="0.126" /><testcase classname="backend.tests.test_new_features.TestSubscriptionMiddleware" name="test_active_subscription_allows_requests" time="0.614" /><testcase classname="backend.tests.test_new_features.TestSubscriptionExemptPaths" name="test_auth_paths_exempt" time="0.121" /><testcase classname="backend.tests.test_new_features.TestSubscriptionExemptPaths" name="test_subscription_paths_exempt" time="0.178" /></testsuite></testsuites>