<?xml version="1.0" encoding="utf-8"?><testsuites name="pytest tests"><testsuite name="pytest" errors="0" failures="0" skipped="0" tests="17" time="8.447" timestamp="2026-02-23T17:57:25.743973+00:00" hostname="agent-env-bd5fad4e-e903-4983-adfc-3f0fb43cad07"><testcase classname="backend.tests.test_unified_invite_page.TestInvitationCreation" name="test_01_create_invitation_with_name" time="0.576" /><testcase classname="backend.tests.test_unified_invite_page.TestInvitationCreation" name="test_02_create_invitation_with_assigned_properties" time="0.147" /><testcase classname="backend.tests.test_unified_invite_page.TestInvitationCreation" name="test_03_create_invitation_with_permissions" time="0.157" /><testcase classname="backend.tests.test_unified_invite_page.TestInvitationCreation" name="test_04_create_owner_invitation" time="0.217" /><testcase classname="backend.tests.test_unified_invite_page.TestInvitationListWithStatus" name="test_05_list_invitations_returns_status" time="0.126" /><testcase classname="backend.tests.test_unified_invite_page.TestInvitationListWithStatus" name="test_06_list_invitations_shows_name_and_properties" time="0.131" /><testcase classname="backend.tests.test_unified_invite_page.TestResendInvitation" name="test_07_resend_generates_new_token" time="1.468" /><testcase classname="backend.tests.test_unified_invite_page.TestResendInvitation" name="test_08_old_token_invalid_after_resend" time="0.608" /><testcase classname="backend.tests.test_unified_invite_page.TestCancelInvitation" name="test_09_cancel_invitation_sets_status" time="0.478" /><testcase classname="backend.tests.test_unified_invite_page.TestCancelInvitation" name="test_10_cancelled_token_cleared" time="0.415" /><testcase classname="backend.tests.test_unified_invite_page.TestValidateInvitation" name="test_11_validate_cancelled_token_rejected" time="0.461" /><testcase classname="backend.tests.test_unified_invite_page.TestValidateInvitation" name="test_12_validate_valid_token_works" time="0.269" /><testcase classname="backend.tests.test_unified_invite_page.TestDeleteInvitation" name="test_13_delete_invitation" time="0.437" /><testcase classname="backend.tests.test_unified_invite_page.TestDeleteInvitation" name="test_14_delete_nonexistent_returns_404" time="0.155" /><testcase classname="backend.tests.test_unified_invite_page.TestResendCannotResendCancelled" name="test_15_resend_cancelled_fails" time="0.677" /><testcase classname="backend.tests.test_unified_invite_page.TestInvitation48HourExpiry" name="test_16_invitation_expires_in_48_hours" time="0.125" /><testcase classname="backend.tests.test_unified_invite_page.TestCleanup" name="test_99_cleanup" time="1.943" /></testsuite></testsuites>