<?xml version="1.0" encoding="utf-8"?><testsuites name="pytest tests"><testsuite name="pytest" errors="0" failures="0" skipped="0" tests="12" time="2.023" timestamp="2026-02-22T19:18:05.043952+00:00" hostname="agent-env-2511ceec-2b82-40d2-ab2b-20bf339c3c16"><testcase classname="tests.test_ota_import.TestOTAImportProperty" name="test_auth_endpoint" time="0.163" /><testcase classname="tests.test_ota_import.TestOTAImportProperty" name="test_import_property_from_ota" time="0.165" /><testcase classname="tests.test_ota_import.TestOTAImportProperty" name="test_get_single_property" time="0.217" /><testcase classname="tests.test_ota_import.TestOTAImportProperty" name="test_get_nonexistent_property" time="0.114" /><testcase classname="tests.test_ota_import.TestOTAImportProperty" name="test_imported_bookings_have_ota_source" time="0.105" /><testcase classname="tests.test_ota_import.TestOTAImportProperty" name="test_sync_status_shows_feeds_count" time="0.150" /><testcase classname="tests.test_ota_import.TestOTAImportProperty" name="test_import_different_sources" time="0.181" /><testcase classname="tests.test_ota_import.TestOTAImportProperty" name="test_import_validation_empty_name" time="0.110" /><testcase classname="tests.test_ota_import.TestOTAImportProperty" name="test_import_validation_invalid_url" time="0.206" /><testcase classname="tests.test_ota_import.TestManualPropertyCreation" name="test_create_property_manually" time="0.102" /><testcase classname="tests.test_ota_import.TestManualPropertyCreation" name="test_update_property" time="0.251" /><testcase classname="tests.test_ota_import.TestOTAFeedsAfterImport" name="test_feeds_created_after_import" time="0.190" /></testsuite></testsuites>