<?xml version="1.0" encoding="utf-8"?><testsuites name="pytest tests"><testsuite name="pytest" errors="0" failures="0" skipped="0" tests="18" time="2.416" timestamp="2026-02-21T20:28:56.947784+00:00" hostname="agent-env-8f965424-077a-4161-a6b3-48ded5436838"><testcase classname="backend.tests.test_booking_services_analytics.TestBookingsByStatus" name="test_get_bookings_by_status_returns_all_categories" time="0.402" /><testcase classname="backend.tests.test_booking_services_analytics.TestBookingsByStatus" name="test_bookings_have_required_fields" time="0.057" /><testcase classname="backend.tests.test_booking_services_analytics.TestBookingsByStatus" name="test_bookings_sorted_correctly" time="0.056" /><testcase classname="backend.tests.test_booking_services_analytics.TestServicesCRUD" name="test_create_service_internal_provider" time="0.074" /><testcase classname="backend.tests.test_booking_services_analytics.TestServicesCRUD" name="test_create_service_external_provider" time="0.090" /><testcase classname="backend.tests.test_booking_services_analytics.TestServicesCRUD" name="test_list_services" time="0.054" /><testcase classname="backend.tests.test_booking_services_analytics.TestServicesCRUD" name="test_filter_services_by_category" time="0.056" /><testcase classname="backend.tests.test_booking_services_analytics.TestServicesCRUD" name="test_update_service" time="0.109" /><testcase classname="backend.tests.test_booking_services_analytics.TestServicesCRUD" name="test_delete_service" time="0.113" /><testcase classname="backend.tests.test_booking_services_analytics.TestAnalyticsAPI" name="test_analytics_returns_current_previous_trends" time="0.066" /><testcase classname="backend.tests.test_booking_services_analytics.TestAnalyticsAPI" name="test_analytics_current_has_required_kpis" time="0.070" /><testcase classname="backend.tests.test_booking_services_analytics.TestAnalyticsAPI" name="test_analytics_property_filter" time="0.073" /><testcase classname="backend.tests.test_booking_services_analytics.TestAnalyticsAPI" name="test_analytics_year_filter" time="0.064" /><testcase classname="backend.tests.test_booking_services_analytics.TestAnalyticsAPI" name="test_analytics_month_filter" time="0.069" /><testcase classname="backend.tests.test_booking_services_analytics.TestAnalyticsAPI" name="test_analytics_trends_has_12_months" time="0.075" /><testcase classname="backend.tests.test_booking_services_analytics.TestAnalyticsAPI" name="test_analytics_changes_calculated" time="0.067" /><testcase classname="backend.tests.test_booking_services_analytics.TestServicesCategories" name="test_all_service_categories" time="0.756" /><testcase classname="backend.tests.test_booking_services_analytics.TestCleanup" name="test_cleanup_internal_service" time="0.090" /></testsuite></testsuites>