<?xml version="1.0" encoding="utf-8"?><testsuites name="pytest tests"><testsuite name="pytest" errors="2" failures="0" skipped="0" tests="18" time="9.382" timestamp="2026-02-21T20:04:02.280406+00:00" hostname="agent-env-8f965424-077a-4161-a6b3-48ded5436838"><testcase classname="backend.tests.test_new_features.TestAdminDashboardKPIs" name="test_admin_dashboard_returns_all_kpis" time="1.797" /><testcase classname="backend.tests.test_new_features.TestAdminDashboardKPIs" name="test_admin_dashboard_revenue_trends" time="0.091" /><testcase classname="backend.tests.test_new_features.TestOwnerDashboardKPIs" name="test_owner_dashboard_filtered_kpis" time="0.642" /><testcase classname="backend.tests.test_new_features.TestStaffDashboardKPIs" name="test_staff_dashboard_specific_kpis" time="1.053" /><testcase classname="backend.tests.test_new_features.TestOTAWebhook" name="test_ota_webhook_booking_created" time="1.175" /><testcase classname="backend.tests.test_new_features.TestOTAWebhook" name="test_ota_webhook_booking_updated" time="1.327" /><testcase classname="backend.tests.test_new_features.TestOTAWebhook" name="test_ota_webhook_booking_cancelled" time="1.279" /><testcase classname="backend.tests.test_new_features.TestOTAWebhook" name="test_ota_webhook_invalid_company" time="0.124" /><testcase classname="backend.tests.test_new_features.TestOTASyncLogs" name="test_ota_sync_logs_list" time="0.061" /><testcase classname="backend.tests.test_new_features.TestOTASyncLogs" name="test_ota_sync_logs_filter_by_status" time="0.063" /><testcase classname="backend.tests.test_new_features.TestOTASyncLogs" name="test_ota_sync_logs_filter_by_source" time="0.064" /><testcase classname="backend.tests.test_new_features.TestSubscriptionMiddleware" name="test_trial_subscription_allows_requests" time="0.176" /><testcase classname="backend.tests.test_new_features.TestSubscriptionMiddleware" name="test_inactive_subscription_blocks_post" time="0.556" /><testcase classname="backend.tests.test_new_features.TestSubscriptionMiddleware" name="test_inactive_subscription_blocks_put" time="0.120" /><testcase classname="backend.tests.test_new_features.TestSubscriptionMiddleware" name="test_inactive_subscription_blocks_delete" time="0.115" /><testcase classname="backend.tests.test_new_features.TestSubscriptionMiddleware" name="test_active_subscription_allows_requests" time="0.597" /><testcase classname="backend.tests.test_new_features.TestSubscriptionExemptPaths" name="test_auth_paths_exempt" time="0.000"><error message="failed on setup with &quot;file /app/backend/tests/test_new_features.py, line 705&#10;      def test_auth_paths_exempt(self, inactive_company_user):&#10;E       fixture 'inactive_company_user' not found&#10;&gt;       available fixtures: admin_session, admin_user, anyio_backend, anyio_backend_name, anyio_backend_options, cache, capfd, capfdbinary, caplog, capsys, capsysbinary, capteesys, doctest_namespace, free_tcp_port, free_tcp_port_factory, free_udp_port, free_udp_port_factory, monkeypatch, pytestconfig, record_property, record_testsuite_property, record_xml_attribute, recwarn, seeded_admin, subtests, tmp_path, tmp_path_factory, tmpdir, tmpdir_factory&#10;&gt;       use 'pytest --fixtures [testpath]' for help on them.&#10;&#10;/app/backend/tests/test_new_features.py:705&quot;">file /app/backend/tests/test_new_features.py, line 705
      def test_auth_paths_exempt(self, inactive_company_user):
E       fixture 'inactive_company_user' not found
&gt;       available fixtures: admin_session, admin_user, anyio_backend, anyio_backend_name, anyio_backend_options, cache, capfd, capfdbinary, caplog, capsys, capsysbinary, capteesys, doctest_namespace, free_tcp_port, free_tcp_port_factory, free_udp_port, free_udp_port_factory, monkeypatch, pytestconfig, record_property, record_testsuite_property, record_xml_attribute, recwarn, seeded_admin, subtests, tmp_path, tmp_path_factory, tmpdir, tmpdir_factory
&gt;       use 'pytest --fixtures [testpath]' for help on them.

/app/backend/tests/test_new_features.py:705</error></testcase><testcase classname="backend.tests.test_new_features.TestSubscriptionExemptPaths" name="test_subscription_paths_exempt" time="0.001"><error message="failed on setup with &quot;file /app/backend/tests/test_new_features.py, line 717&#10;      def test_subscription_paths_exempt(self, inactive_company_user):&#10;E       fixture 'inactive_company_user' not found&#10;&gt;       available fixtures: admin_session, admin_user, anyio_backend, anyio_backend_name, anyio_backend_options, cache, capfd, capfdbinary, caplog, capsys, capsysbinary, capteesys, doctest_namespace, free_tcp_port, free_tcp_port_factory, free_udp_port, free_udp_port_factory, monkeypatch, pytestconfig, record_property, record_testsuite_property, record_xml_attribute, recwarn, seeded_admin, subtests, tmp_path, tmp_path_factory, tmpdir, tmpdir_factory&#10;&gt;       use 'pytest --fixtures [testpath]' for help on them.&#10;&#10;/app/backend/tests/test_new_features.py:717&quot;">file /app/backend/tests/test_new_features.py, line 717
      def test_subscription_paths_exempt(self, inactive_company_user):
E       fixture 'inactive_company_user' not found
&gt;       available fixtures: admin_session, admin_user, anyio_backend, anyio_backend_name, anyio_backend_options, cache, capfd, capfdbinary, caplog, capsys, capsysbinary, capteesys, doctest_namespace, free_tcp_port, free_tcp_port_factory, free_udp_port, free_udp_port_factory, monkeypatch, pytestconfig, record_property, record_testsuite_property, record_xml_attribute, recwarn, seeded_admin, subtests, tmp_path, tmp_path_factory, tmpdir, tmpdir_factory
&gt;       use 'pytest --fixtures [testpath]' for help on them.

/app/backend/tests/test_new_features.py:717</error></testcase></testsuite></testsuites>