<?xml version="1.0" encoding="utf-8"?><testsuites name="pytest tests"><testsuite name="pytest" errors="0" failures="0" skipped="0" tests="23" time="4.458" timestamp="2026-02-24T20:05:28.009732+00:00" hostname="agent-env-65e65f28-06e7-4b7b-920e-b16dffd06268"><testcase classname="backend.tests.test_rbac_enforcement.TestAdminAccess" name="test_admin_can_access_staff_endpoint" time="0.313" /><testcase classname="backend.tests.test_rbac_enforcement.TestAdminAccess" name="test_admin_can_access_payouts_endpoint" time="0.219" /><testcase classname="backend.tests.test_rbac_enforcement.TestAdminAccess" name="test_admin_can_access_analytics_endpoint" time="0.172" /><testcase classname="backend.tests.test_rbac_enforcement.TestAdminAccess" name="test_admin_can_access_expenses_endpoint" time="0.128" /><testcase classname="backend.tests.test_rbac_enforcement.TestAdminAccess" name="test_admin_sees_all_properties" time="0.174" /><testcase classname="backend.tests.test_rbac_enforcement.TestAdminAccess" name="test_admin_sees_all_bookings" time="0.159" /><testcase classname="backend.tests.test_rbac_enforcement.TestOwnerAccess" name="test_owner_gets_403_on_staff_endpoint" time="0.257" /><testcase classname="backend.tests.test_rbac_enforcement.TestOwnerAccess" name="test_owner_gets_403_on_payouts_endpoint" time="0.195" /><testcase classname="backend.tests.test_rbac_enforcement.TestOwnerAccess" name="test_owner_can_only_see_assigned_properties" time="0.318" /><testcase classname="backend.tests.test_rbac_enforcement.TestOwnerAccess" name="test_owner_can_only_see_bookings_for_assigned_properties" time="0.123" /><testcase classname="backend.tests.test_rbac_enforcement.TestOwnerAccess" name="test_owner_can_only_see_expenses_for_assigned_properties" time="0.165" /><testcase classname="backend.tests.test_rbac_enforcement.TestOwnerAccess" name="test_owner_dashboard_kpis_filtered_by_assigned_properties" time="0.140" /><testcase classname="backend.tests.test_rbac_enforcement.TestOwnerAccess" name="test_owner_can_access_analytics" time="0.191" /><testcase classname="backend.tests.test_rbac_enforcement.TestStaffAccess" name="test_staff_gets_403_on_staff_endpoint_for_others" time="0.145" /><testcase classname="backend.tests.test_rbac_enforcement.TestStaffAccess" name="test_staff_gets_403_on_payouts_endpoint" time="0.124" /><testcase classname="backend.tests.test_rbac_enforcement.TestStaffAccess" name="test_staff_without_permission_gets_403_on_analytics" time="0.153" /><testcase classname="backend.tests.test_rbac_enforcement.TestStaffAccess" name="test_staff_without_permission_gets_403_on_expenses" time="0.168" /><testcase classname="backend.tests.test_rbac_enforcement.TestStaffAccess" name="test_staff_without_permission_gets_403_on_source_breakdown" time="0.227" /><testcase classname="backend.tests.test_rbac_enforcement.TestStaffWithPermission" name="test_staff_with_permission_can_access_analytics" time="0.127" /><testcase classname="backend.tests.test_rbac_enforcement.TestStaffWithPermission" name="test_staff_with_permission_can_access_source_breakdown" time="0.257" /><testcase classname="backend.tests.test_rbac_enforcement.TestStaffWithPermission" name="test_staff_with_permission_can_access_expenses" time="0.122" /><testcase classname="backend.tests.test_rbac_enforcement.TestStaffWithPermission" name="test_staff_with_permission_still_denied_payouts" time="0.131" /><testcase classname="backend.tests.test_rbac_enforcement.TestCrossRoleComparison" name="test_admin_sees_more_properties_than_owner" time="0.364" /></testsuite></testsuites>