<?xml version="1.0" encoding="utf-8"?><testsuites name="pytest tests"><testsuite name="pytest" errors="0" failures="0" skipped="4" tests="13" time="2.128" timestamp="2026-02-25T20:42:51.425140+00:00" hostname="agent-env-65e65f28-06e7-4b7b-920e-b16dffd06268"><testcase classname="backend.tests.test_dashboard_ux_improvements.TestDashboardKPIsEndpoint" name="test_dashboard_kpis_requires_auth" time="0.337" /><testcase classname="backend.tests.test_dashboard_ux_improvements.TestDashboardKPIsEndpoint" name="test_dashboard_kpis_structure" time="0.184" /><testcase classname="backend.tests.test_dashboard_ux_improvements.TestCompanyUpdateEndpoint" name="test_company_update_requires_auth" time="0.154" /><testcase classname="backend.tests.test_dashboard_ux_improvements.TestCompanyUpdateEndpoint" name="test_company_get_endpoint_exists" time="0.169" /><testcase classname="backend.tests.test_dashboard_ux_improvements.TestRevenueTrendsEndpoint" name="test_revenue_trends_requires_auth" time="0.179" /><testcase classname="backend.tests.test_dashboard_ux_improvements.TestSeedDataAndDashboard" name="test_seed_demo_data_endpoint" time="0.124"><skipped type="pytest.skip" message="Seed demo data endpoint not available">/app/backend/tests/test_dashboard_ux_improvements.py:106: Seed demo data endpoint not available</skipped></testcase><testcase classname="backend.tests.test_dashboard_ux_improvements.TestAuthenticatedDashboard" name="test_dashboard_kpis_with_auth" time="0.144"><skipped type="pytest.skip" message="Cannot create test data">/app/backend/tests/test_dashboard_ux_improvements.py:140: Cannot create test data</skipped></testcase><testcase classname="backend.tests.test_dashboard_ux_improvements.TestAuthenticatedDashboard" name="test_company_update_fee_settings" time="0.000"><skipped type="pytest.skip" message="Cannot create test data">/app/backend/tests/test_dashboard_ux_improvements.py:172: Cannot create test data</skipped></testcase><testcase classname="backend.tests.test_dashboard_ux_improvements.TestAuthenticatedDashboard" name="test_revenue_trends_with_auth" time="0.001"><skipped type="pytest.skip" message="Cannot create test data">/app/backend/tests/test_dashboard_ux_improvements.py:200: Cannot create test data</skipped></testcase><testcase classname="backend.tests.test_dashboard_ux_improvements.TestPropertiesEndpoint" name="test_properties_requires_auth" time="0.167" /><testcase classname="backend.tests.test_dashboard_ux_improvements.TestTasksEndpoint" name="test_tasks_requires_auth" time="0.147" /><testcase classname="backend.tests.test_dashboard_ux_improvements.TestNotificationsEndpoint" name="test_notifications_requires_auth" time="0.160" /><testcase classname="backend.tests.test_dashboard_ux_improvements.TestNotificationsEndpoint" name="test_unread_count_requires_auth" time="0.294" /></testsuite></testsuites>