<?xml version="1.0" encoding="utf-8"?><testsuites name="pytest tests"><testsuite name="pytest" errors="0" failures="0" skipped="0" tests="13" time="3.631" timestamp="2026-02-22T00:52:50.607431+00:00" hostname="agent-env-2511ceec-2b82-40d2-ab2b-20bf339c3c16"><testcase classname="backend.tests.test_invitation_registration.TestInvitationFlow" name="test_01_admin_can_create_staff_invitation" time="0.682" /><testcase classname="backend.tests.test_invitation_registration.TestInvitationFlow" name="test_02_admin_can_create_owner_invitation" time="0.172" /><testcase classname="backend.tests.test_invitation_registration.TestInvitationFlow" name="test_03_validate_endpoint_returns_all_required_fields" time="0.148" /><testcase classname="backend.tests.test_invitation_registration.TestInvitationFlow" name="test_04_validate_endpoint_returns_404_for_invalid_token" time="0.102" /><testcase classname="backend.tests.test_invitation_registration.TestInvitationFlow" name="test_05_validate_prefills_staff_info_from_staff_record" time="0.245" /><testcase classname="backend.tests.test_invitation_registration.TestInvitationFlow" name="test_06_register_with_invite_creates_user_with_password" time="0.332" /><testcase classname="backend.tests.test_invitation_registration.TestInvitationFlow" name="test_07_register_with_invite_fails_for_used_token" time="0.131" /><testcase classname="backend.tests.test_invitation_registration.TestInvitationFlow" name="test_08_register_with_invite_fails_for_email_mismatch" time="0.120" /><testcase classname="backend.tests.test_invitation_registration.TestInvitationFlow" name="test_09_registered_user_can_login_with_password" time="0.324" /><testcase classname="backend.tests.test_invitation_registration.TestInvitationFlow" name="test_10_registered_user_has_correct_role_and_company" time="0.450" /><testcase classname="backend.tests.test_invitation_registration.TestInvitationEdgeCases" name="test_11_cannot_create_invitation_for_invalid_role" time="0.109" /><testcase classname="backend.tests.test_invitation_registration.TestInvitationEdgeCases" name="test_12_duplicate_invitation_fails" time="0.319" /><testcase classname="backend.tests.test_invitation_registration.TestInvitationEdgeCases" name="test_13_registration_with_short_password_fails" time="0.428" /></testsuite></testsuites>