<?xml version="1.0" encoding="utf-8"?><testsuites name="pytest tests"><testsuite name="pytest" errors="0" failures="0" skipped="0" tests="6" time="1.359" timestamp="2026-02-22T20:22:04.089532+00:00" hostname="agent-env-2511ceec-2b82-40d2-ab2b-20bf339c3c16"><testcase classname="backend.tests.test_ical_import.TestICalParsing" name="test_fetch_ical_data" time="0.386" /><testcase classname="backend.tests.test_ical_import.TestICalParsing" name="test_ical_has_reserved_entries" time="0.354" /><testcase classname="backend.tests.test_ical_import.TestOTAImport" name="test_verify_existing_import" time="0.268" /><testcase classname="backend.tests.test_ical_import.TestOTAImport" name="test_verify_imported_bookings" time="0.069" /><testcase classname="backend.tests.test_ical_import.TestBookingsPage" name="test_list_bookings" time="0.071" /><testcase classname="backend.tests.test_ical_import.TestCleanup" name="test_cleanup_test_properties" time="0.153" /></testsuite></testsuites>