<?xml version="1.0" encoding="utf-8"?><testsuites name="pytest tests"><testsuite name="pytest" errors="0" failures="0" skipped="0" tests="7" time="3.841" timestamp="2026-02-26T18:30:32.671304+00:00" hostname="agent-env-3dd96d27-c60e-4d7d-b540-84a34fa2ed36"><testcase classname="backend.tests.test_staff_property_link.TestStaffPropertyLink" name="test_auth_me" time="0.206" /><testcase classname="backend.tests.test_staff_property_link.TestStaffPropertyLink" name="test_get_housekeepers_endpoint" time="0.193" /><testcase classname="backend.tests.test_staff_property_link.TestStaffPropertyLink" name="test_get_cohosts_endpoint" time="0.166" /><testcase classname="backend.tests.test_staff_property_link.TestCoHostPropertyAssignment" name="test_full_cohost_assignment_flow" time="1.113" /><testcase classname="backend.tests.test_staff_property_link.TestHousekeeperPropertyAssignment" name="test_full_housekeeper_assignment_flow" time="0.907" /><testcase classname="backend.tests.test_staff_property_link.TestPropertyCreationWithStaffAssigned" name="test_create_property_with_cohost_and_housekeeper" time="0.706" /><testcase classname="backend.tests.test_staff_property_link.TestTeamPageShowsAssignedProperties" name="test_staff_endpoint_includes_assigned_properties" time="0.473" /></testsuite></testsuites>