<?xml version="1.0" encoding="utf-8"?><testsuites name="pytest tests"><testsuite name="pytest" errors="0" failures="1" skipped="0" tests="14" time="5.082" timestamp="2026-02-23T00:54:25.885595+00:00" hostname="agent-env-bd5fad4e-e903-4983-adfc-3f0fb43cad07"><testcase classname="backend.tests.test_notification_incomplete_bookings.TestNotificationEndpoints" name="test_01_notifications_empty_initially" time="0.604" /><testcase classname="backend.tests.test_notification_incomplete_bookings.TestNotificationEndpoints" name="test_02_unread_count_zero_initially" time="0.127" /><testcase classname="backend.tests.test_notification_incomplete_bookings.TestIncompleteBookingsFilter" name="test_03_create_incomplete_booking" time="0.384" /><testcase classname="backend.tests.test_notification_incomplete_bookings.TestIncompleteBookingsFilter" name="test_04_incomplete_only_filter" time="0.137" /><testcase classname="backend.tests.test_notification_incomplete_bookings.TestNotificationCreationAndUpdate" name="test_05_trigger_notification_creation" time="0.288" /><testcase classname="backend.tests.test_notification_incomplete_bookings.TestNotificationCreationAndUpdate" name="test_06_unread_count_updated" time="0.142" /><testcase classname="backend.tests.test_notification_incomplete_bookings.TestMarkNotificationRead" name="test_07_mark_single_read" time="0.229" /><testcase classname="backend.tests.test_notification_incomplete_bookings.TestMarkNotificationRead" name="test_08_mark_all_read" time="0.414" /><testcase classname="backend.tests.test_notification_incomplete_bookings.TestBookingCompletionAndAutoResolve" name="test_09_complete_booking_updates_is_data_complete" time="0.117" /><testcase classname="backend.tests.test_notification_incomplete_bookings.TestBookingCompletionAndAutoResolve" name="test_10_incomplete_bookings_empty_after_completion" time="0.115" /><testcase classname="backend.tests.test_notification_incomplete_bookings.TestBookingCompletionAndAutoResolve" name="test_11_notification_auto_resolved" time="0.167"><failure message="AssertionError: Notification should be auto-resolved&#10;assert False == True&#10; +  where False = &lt;built-in method get of dict object at 0xfcad7f7209c0&gt;('resolved')&#10; +    where &lt;built-in method get of dict object at 0xfcad7f7209c0&gt; = {'action_url': '/bookings?filter=incomplete', 'company_id': 'comp_pytest_1771808065944', 'count': 1, 'created_at': '2026-02-23T00:54:27.341617+00:00', ...}.get">backend/tests/test_notification_incomplete_bookings.py:361: in test_11_notification_auto_resolved
    assert notif.get('resolved') == True, "Notification should be auto-resolved"
E   AssertionError: Notification should be auto-resolved
E   assert False == True
E    +  where False = &lt;built-in method get of dict object at 0xfcad7f7209c0&gt;('resolved')
E    +    where &lt;built-in method get of dict object at 0xfcad7f7209c0&gt; = {'action_url': '/bookings?filter=incomplete', 'company_id': 'comp_pytest_1771808065944', 'count': 1, 'created_at': '2026-02-23T00:54:27.341617+00:00', ...}.get</failure></testcase><testcase classname="backend.tests.test_notification_incomplete_bookings.TestNotificationNotFound" name="test_12_mark_nonexistent_notification" time="0.120" /><testcase classname="backend.tests.test_notification_incomplete_bookings.TestBookingIsDataCompleteLogic" name="test_13_booking_incomplete_without_guest_name" time="0.879" /><testcase classname="backend.tests.test_notification_incomplete_bookings.TestBookingIsDataCompleteLogic" name="test_14_booking_incomplete_without_amount" time="1.264" /></testsuite></testsuites>