<?xml version="1.0" encoding="utf-8"?><testsuites name="pytest tests"><testsuite name="pytest" errors="0" failures="0" skipped="0" tests="12" time="1.793" timestamp="2026-02-22T23:45:36.113170+00:00" hostname="agent-env-bd5fad4e-e903-4983-adfc-3f0fb43cad07"><testcase classname="backend.tests.test_new_booking_features.TestCheckoutPastDateValidation" name="test_01_checkin_past_date_rejected" time="0.727" /><testcase classname="backend.tests.test_new_booking_features.TestCheckoutPastDateValidation" name="test_02_checkout_past_date_rejected" time="0.061" /><testcase classname="backend.tests.test_new_booking_features.TestCheckoutPastDateValidation" name="test_03_only_checkout_past_rejected" time="0.065" /><testcase classname="backend.tests.test_new_booking_features.TestCheckoutPastDateValidation" name="test_04_today_checkin_checkout_accepted" time="0.076" /><testcase classname="backend.tests.test_new_booking_features.TestCheckoutPastDateValidation" name="test_05_future_dates_accepted" time="0.068" /><testcase classname="backend.tests.test_new_booking_features.TestSourceBreakdownEndpoint" name="test_06_source_breakdown_returns_data" time="0.057" /><testcase classname="backend.tests.test_new_booking_features.TestSourceBreakdownEndpoint" name="test_07_source_breakdown_structure" time="0.054" /><testcase classname="backend.tests.test_new_booking_features.TestSourceBreakdownEndpoint" name="test_08_source_breakdown_with_year_filter" time="0.078" /><testcase classname="backend.tests.test_new_booking_features.TestSourceBreakdownEndpoint" name="test_09_source_breakdown_with_month_filter" time="0.051" /><testcase classname="backend.tests.test_new_booking_features.TestSourceBreakdownEndpoint" name="test_10_source_breakdown_with_property_filter" time="0.057" /><testcase classname="backend.tests.test_new_booking_features.TestSourceBreakdownEndpoint" name="test_11_source_breakdown_with_all_filters" time="0.068" /><testcase classname="backend.tests.test_new_booking_features.TestCleanup" name="test_99_cleanup" time="0.363" /></testsuite></testsuites>