<?xml version="1.0" encoding="utf-8"?><testsuites name="pytest tests"><testsuite name="pytest" errors="0" failures="1" skipped="0" tests="10" time="1.811" timestamp="2026-02-26T18:02:56.700357+00:00" hostname="agent-env-3dd96d27-c60e-4d7d-b540-84a34fa2ed36"><testcase classname="backend.tests.test_operations_overhaul.TestAutoTaskGenerationOnStaffCreate" name="test_auth_me_works" time="0.162" /><testcase classname="backend.tests.test_operations_overhaul.TestAutoTaskGenerationOnStaffCreate" name="test_create_booking_for_auto_task_test" time="0.143"><failure message="AssertionError: Failed to create booking: {&quot;detail&quot;:{&quot;message&quot;:&quot;Double booking detected. This property already has a booking during these dates.&quot;,&quot;conflicts&quot;:[{&quot;booking_id&quot;:&quot;book_37942a5ae787&quot;,&quot;guest_name&quot;:&quot;Auto Task Test Guest&quot;,&quot;check_in&quot;:&quot;2026-03-01&quot;,&quot;check_out&quot;:&quot;2026-03-04&quot;}]}}&#10;assert 409 == 201&#10; +  where 409 = &lt;Response [409]&gt;.status_code">backend/tests/test_operations_overhaul.py:63: in test_create_booking_for_auto_task_test
    assert response.status_code == 201, f"Failed to create booking: {response.text}"
E   AssertionError: Failed to create booking: {"detail":{"message":"Double booking detected. This property already has a booking during these dates.","conflicts":[{"booking_id":"book_37942a5ae787","guest_name":"Auto Task Test Guest","check_in":"2026-03-01","check_out":"2026-03-04"}]}}
E   assert 409 == 201
E    +  where 409 = &lt;Response [409]&gt;.status_code</failure></testcase><testcase classname="backend.tests.test_operations_overhaul.TestAutoTaskGenerationOnStaffCreate" name="test_create_housekeeper_with_properties_triggers_auto_tasks" time="0.131" /><testcase classname="backend.tests.test_operations_overhaul.TestAutoTaskGenerationOnStaffCreate" name="test_create_cohost_with_properties_triggers_auto_tasks" time="0.159" /><testcase classname="backend.tests.test_operations_overhaul.TestAutoTaskGenerationOnStaffUpdate" name="test_create_staff_without_properties" time="0.146" /><testcase classname="backend.tests.test_operations_overhaul.TestAutoTaskGenerationOnStaffUpdate" name="test_update_staff_adding_properties_triggers_auto_tasks" time="0.147" /><testcase classname="backend.tests.test_operations_overhaul.TestTaskAPIStructure" name="test_tasks_list_includes_booking_id" time="0.068" /><testcase classname="backend.tests.test_operations_overhaul.TestTaskAPIStructure" name="test_tasks_include_required_fields" time="0.084" /><testcase classname="backend.tests.test_operations_overhaul.TestRegenerateTasksEndpoint" name="test_regenerate_endpoint_exists" time="0.068" /><testcase classname="backend.tests.test_operations_overhaul.TestCleanup" name="test_cleanup_test_data" time="0.635" /></testsuite></testsuites>