<?xml version="1.0" encoding="utf-8"?><testsuites name="pytest tests"><testsuite name="pytest" errors="0" failures="0" skipped="0" tests="20" time="6.015" timestamp="2026-02-22T00:18:58.428493+00:00" hostname="agent-env-8f965424-077a-4161-a6b3-48ded5436838"><testcase classname="backend.tests.test_auth_tasks.TestInvitationValidation" name="test_validate_invalid_token" time="0.224" /><testcase classname="backend.tests.test_auth_tasks.TestInvitationRegistration" name="test_register_with_valid_invite" time="0.592" /><testcase classname="backend.tests.test_auth_tasks.TestInvitationRegistration" name="test_register_with_invalid_token" time="0.231" /><testcase classname="backend.tests.test_auth_tasks.TestInvitationRegistration" name="test_register_email_mismatch" time="0.335" /><testcase classname="backend.tests.test_auth_tasks.TestPasswordLogin" name="test_login_success" time="0.893" /><testcase classname="backend.tests.test_auth_tasks.TestPasswordLogin" name="test_login_invalid_password" time="0.876" /><testcase classname="backend.tests.test_auth_tasks.TestPasswordLogin" name="test_login_nonexistent_user" time="0.650" /><testcase classname="backend.tests.test_auth_tasks.TestTasksCRUD" name="test_list_tasks_empty" time="0.111" /><testcase classname="backend.tests.test_auth_tasks.TestTasksCRUD" name="test_create_task" time="0.188" /><testcase classname="backend.tests.test_auth_tasks.TestTasksCRUD" name="test_create_task_invalid_staff" time="0.127" /><testcase classname="backend.tests.test_auth_tasks.TestTasksCRUD" name="test_get_task_summary" time="0.119" /><testcase classname="backend.tests.test_auth_tasks.TestTasksCRUD" name="test_update_task_status" time="0.244" /><testcase classname="backend.tests.test_auth_tasks.TestTasksCRUD" name="test_update_task_fields" time="0.202" /><testcase classname="backend.tests.test_auth_tasks.TestTasksCRUD" name="test_filter_tasks_by_status" time="0.107" /><testcase classname="backend.tests.test_auth_tasks.TestTasksCRUD" name="test_delete_task" time="0.314" /><testcase classname="backend.tests.test_auth_tasks.TestTasksCRUD" name="test_delete_nonexistent_task" time="0.156" /><testcase classname="backend.tests.test_auth_tasks.TestStaffEarnings" name="test_staff_earnings_requires_staff_role" time="0.115" /><testcase classname="backend.tests.test_auth_tasks.TestDashboardKPIs" name="test_dashboard_kpis" time="0.125" /><testcase classname="backend.tests.test_auth_tasks.TestAuthMe" name="test_auth_me" time="0.165" /><testcase classname="backend.tests.test_auth_tasks.TestAuthMe" name="test_auth_me_unauthenticated" time="0.113" /></testsuite></testsuites>