<?xml version="1.0" encoding="utf-8"?><testsuites name="pytest tests"><testsuite name="pytest" errors="0" failures="0" skipped="0" tests="10" time="1.858" timestamp="2026-02-26T18:03:11.868328+00:00" hostname="agent-env-3dd96d27-c60e-4d7d-b540-84a34fa2ed36"><testcase classname="backend.tests.test_operations_overhaul.TestAutoTaskGenerationOnStaffCreate" name="test_auth_me_works" time="0.229" /><testcase classname="backend.tests.test_operations_overhaul.TestAutoTaskGenerationOnStaffCreate" name="test_create_booking_for_auto_task_test" time="0.099" /><testcase classname="backend.tests.test_operations_overhaul.TestAutoTaskGenerationOnStaffCreate" name="test_create_housekeeper_with_properties_triggers_auto_tasks" time="0.156" /><testcase classname="backend.tests.test_operations_overhaul.TestAutoTaskGenerationOnStaffCreate" name="test_create_cohost_with_properties_triggers_auto_tasks" time="0.123" /><testcase classname="backend.tests.test_operations_overhaul.TestAutoTaskGenerationOnStaffUpdate" name="test_create_staff_without_properties" time="0.142" /><testcase classname="backend.tests.test_operations_overhaul.TestAutoTaskGenerationOnStaffUpdate" name="test_update_staff_adding_properties_triggers_auto_tasks" time="0.120" /><testcase classname="backend.tests.test_operations_overhaul.TestTaskAPIStructure" name="test_tasks_list_includes_booking_id" time="0.074" /><testcase classname="backend.tests.test_operations_overhaul.TestTaskAPIStructure" name="test_tasks_include_required_fields" time="0.067" /><testcase classname="backend.tests.test_operations_overhaul.TestRegenerateTasksEndpoint" name="test_regenerate_endpoint_exists" time="0.078" /><testcase classname="backend.tests.test_operations_overhaul.TestCleanup" name="test_cleanup_test_data" time="0.720" /></testsuite></testsuites>