<?xml version="1.0" encoding="utf-8"?><testsuites name="pytest tests"><testsuite name="pytest" errors="0" failures="0" skipped="0" tests="7" time="3.880" timestamp="2026-02-26T18:58:05.751595+00:00" hostname="agent-env-3dd96d27-c60e-4d7d-b540-84a34fa2ed36"><testcase classname="backend.tests.test_onboarding_delete_property.TestDeletePropertyCascade" name="test_delete_property_removes_from_staff_assigned_properties" time="1.055" /><testcase classname="backend.tests.test_onboarding_delete_property.TestDeletePropertyCascade" name="test_delete_property_cascades_to_multiple_staff" time="1.124" /><testcase classname="backend.tests.test_onboarding_delete_property.TestPropertyEndpoints" name="test_create_property_manual" time="0.263" /><testcase classname="backend.tests.test_onboarding_delete_property.TestPropertyEndpoints" name="test_list_properties" time="0.111" /><testcase classname="backend.tests.test_onboarding_delete_property.TestOTAImportProperty" name="test_ota_import_endpoint_exists" time="0.297" /><testcase classname="backend.tests.test_onboarding_delete_property.TestCompanyOnboarding" name="test_company_onboarding_update" time="0.247" /><testcase classname="backend.tests.test_onboarding_delete_property.TestStaffAssignedProperties" name="test_staff_list_includes_assigned_properties" time="0.722" /></testsuite></testsuites>