<?xml version="1.0" encoding="utf-8"?><testsuites name="pytest tests"><testsuite name="pytest" errors="0" failures="0" skipped="0" tests="10" time="1.530" timestamp="2026-02-23T18:59:39.436841+00:00" hostname="agent-env-bd5fad4e-e903-4983-adfc-3f0fb43cad07"><testcase classname="tests.test_payouts_reports.TestPayoutsCRUD" name="test_01_create_payout_success" time="0.167" /><testcase classname="tests.test_payouts_reports.TestPayoutsCRUD" name="test_02_get_payouts_enriched" time="0.147" /><testcase classname="tests.test_payouts_reports.TestPayoutsCRUD" name="test_03_get_payouts_filter_by_staff" time="0.138" /><testcase classname="tests.test_payouts_reports.TestPayoutsCRUD" name="test_04_update_payout_mark_as_paid" time="0.115" /><testcase classname="tests.test_payouts_reports.TestPayoutsCRUD" name="test_05_create_second_payout_for_deletion" time="0.111" /><testcase classname="tests.test_payouts_reports.TestPayoutsCRUD" name="test_06_delete_payout" time="0.234" /><testcase classname="tests.test_payouts_reports.TestOwnerReports" name="test_01_get_owner_report_default" time="0.280" /><testcase classname="tests.test_payouts_reports.TestOwnerReports" name="test_02_get_owner_report_with_filters" time="0.157" /><testcase classname="tests.test_payouts_reports.TestOwnerReports" name="test_03_owner_report_has_required_fields" time="0.122" /><testcase classname="tests.test_payouts_reports.TestResendAPIKey" name="test_01_resend_key_configured" time="0.003" /></testsuite></testsuites>