<?xml version="1.0" encoding="utf-8"?><testsuites name="pytest tests"><testsuite name="pytest" errors="0" failures="23" skipped="0" tests="23" time="1.389" timestamp="2026-02-24T20:05:10.697480+00:00" hostname="agent-env-65e65f28-06e7-4b7b-920e-b16dffd06268"><testcase classname="backend.tests.test_rbac_enforcement.TestAdminAccess" name="test_admin_can_access_staff_endpoint" time="0.203"><failure message="requests.exceptions.MissingSchema: Invalid URL '/api/staff': No scheme supplied. Perhaps you meant https:///api/staff?">backend/tests/test_rbac_enforcement.py:330: in test_admin_can_access_staff_endpoint
    response = requests.get(
/root/.venv/lib/python3.11/site-packages/requests/api.py:73: in get
    return request("get", url, params=params, **kwargs)
           ^^^^^^^^^^^^^^^^^^^^^^^^^^^^^^^^^^^^^^^^^^^^
/root/.venv/lib/python3.11/site-packages/requests/api.py:59: in request
    return session.request(method=method, url=url, **kwargs)
           ^^^^^^^^^^^^^^^^^^^^^^^^^^^^^^^^^^^^^^^^^^^^^^^^^
/root/.venv/lib/python3.11/site-packages/requests/sessions.py:575: in request
    prep = self.prepare_request(req)
           ^^^^^^^^^^^^^^^^^^^^^^^^^
/root/.venv/lib/python3.11/site-packages/requests/sessions.py:484: in prepare_request
    p.prepare(
/root/.venv/lib/python3.11/site-packages/requests/models.py:367: in prepare
    self.prepare_url(url, params)
/root/.venv/lib/python3.11/site-packages/requests/models.py:438: in prepare_url
    raise MissingSchema(
E   requests.exceptions.MissingSchema: Invalid URL '/api/staff': No scheme supplied. Perhaps you meant https:///api/staff?</failure></testcase><testcase classname="backend.tests.test_rbac_enforcement.TestAdminAccess" name="test_admin_can_access_payouts_endpoint" time="0.001"><failure message="requests.exceptions.MissingSchema: Invalid URL '/api/payouts': No scheme supplied. Perhaps you meant https:///api/payouts?">backend/tests/test_rbac_enforcement.py:342: in test_admin_can_access_payouts_endpoint
    response = requests.get(
/root/.venv/lib/python3.11/site-packages/requests/api.py:73: in get
    return request("get", url, params=params, **kwargs)
           ^^^^^^^^^^^^^^^^^^^^^^^^^^^^^^^^^^^^^^^^^^^^
/root/.venv/lib/python3.11/site-packages/requests/api.py:59: in request
    return session.request(method=method, url=url, **kwargs)
           ^^^^^^^^^^^^^^^^^^^^^^^^^^^^^^^^^^^^^^^^^^^^^^^^^
/root/.venv/lib/python3.11/site-packages/requests/sessions.py:575: in request
    prep = self.prepare_request(req)
           ^^^^^^^^^^^^^^^^^^^^^^^^^
/root/.venv/lib/python3.11/site-packages/requests/sessions.py:484: in prepare_request
    p.prepare(
/root/.venv/lib/python3.11/site-packages/requests/models.py:367: in prepare
    self.prepare_url(url, params)
/root/.venv/lib/python3.11/site-packages/requests/models.py:438: in prepare_url
    raise MissingSchema(
E   requests.exceptions.MissingSchema: Invalid URL '/api/payouts': No scheme supplied. Perhaps you meant https:///api/payouts?</failure></testcase><testcase classname="backend.tests.test_rbac_enforcement.TestAdminAccess" name="test_admin_can_access_analytics_endpoint" time="0.001"><failure message="requests.exceptions.MissingSchema: Invalid URL '/api/analytics': No scheme supplied. Perhaps you meant https:///api/analytics?">backend/tests/test_rbac_enforcement.py:354: in test_admin_can_access_analytics_endpoint
    response = requests.get(
/root/.venv/lib/python3.11/site-packages/requests/api.py:73: in get
    return request("get", url, params=params, **kwargs)
           ^^^^^^^^^^^^^^^^^^^^^^^^^^^^^^^^^^^^^^^^^^^^
/root/.venv/lib/python3.11/site-packages/requests/api.py:59: in request
    return session.request(method=method, url=url, **kwargs)
           ^^^^^^^^^^^^^^^^^^^^^^^^^^^^^^^^^^^^^^^^^^^^^^^^^
/root/.venv/lib/python3.11/site-packages/requests/sessions.py:575: in request
    prep = self.prepare_request(req)
           ^^^^^^^^^^^^^^^^^^^^^^^^^
/root/.venv/lib/python3.11/site-packages/requests/sessions.py:484: in prepare_request
    p.prepare(
/root/.venv/lib/python3.11/site-packages/requests/models.py:367: in prepare
    self.prepare_url(url, params)
/root/.venv/lib/python3.11/site-packages/requests/models.py:438: in prepare_url
    raise MissingSchema(
E   requests.exceptions.MissingSchema: Invalid URL '/api/analytics': No scheme supplied. Perhaps you meant https:///api/analytics?</failure></testcase><testcase classname="backend.tests.test_rbac_enforcement.TestAdminAccess" name="test_admin_can_access_expenses_endpoint" time="0.001"><failure message="requests.exceptions.MissingSchema: Invalid URL '/api/expenses': No scheme supplied. Perhaps you meant https:///api/expenses?">backend/tests/test_rbac_enforcement.py:363: in test_admin_can_access_expenses_endpoint
    response = requests.get(
/root/.venv/lib/python3.11/site-packages/requests/api.py:73: in get
    return request("get", url, params=params, **kwargs)
           ^^^^^^^^^^^^^^^^^^^^^^^^^^^^^^^^^^^^^^^^^^^^
/root/.venv/lib/python3.11/site-packages/requests/api.py:59: in request
    return session.request(method=method, url=url, **kwargs)
           ^^^^^^^^^^^^^^^^^^^^^^^^^^^^^^^^^^^^^^^^^^^^^^^^^
/root/.venv/lib/python3.11/site-packages/requests/sessions.py:575: in request
    prep = self.prepare_request(req)
           ^^^^^^^^^^^^^^^^^^^^^^^^^
/root/.venv/lib/python3.11/site-packages/requests/sessions.py:484: in prepare_request
    p.prepare(
/root/.venv/lib/python3.11/site-packages/requests/models.py:367: in prepare
    self.prepare_url(url, params)
/root/.venv/lib/python3.11/site-packages/requests/models.py:438: in prepare_url
    raise MissingSchema(
E   requests.exceptions.MissingSchema: Invalid URL '/api/expenses': No scheme supplied. Perhaps you meant https:///api/expenses?</failure></testcase><testcase classname="backend.tests.test_rbac_enforcement.TestAdminAccess" name="test_admin_sees_all_properties" time="0.001"><failure message="requests.exceptions.MissingSchema: Invalid URL '/api/properties': No scheme supplied. Perhaps you meant https:///api/properties?">backend/tests/test_rbac_enforcement.py:375: in test_admin_sees_all_properties
    response = requests.get(
/root/.venv/lib/python3.11/site-packages/requests/api.py:73: in get
    return request("get", url, params=params, **kwargs)
           ^^^^^^^^^^^^^^^^^^^^^^^^^^^^^^^^^^^^^^^^^^^^
/root/.venv/lib/python3.11/site-packages/requests/api.py:59: in request
    return session.request(method=method, url=url, **kwargs)
           ^^^^^^^^^^^^^^^^^^^^^^^^^^^^^^^^^^^^^^^^^^^^^^^^^
/root/.venv/lib/python3.11/site-packages/requests/sessions.py:575: in request
    prep = self.prepare_request(req)
           ^^^^^^^^^^^^^^^^^^^^^^^^^
/root/.venv/lib/python3.11/site-packages/requests/sessions.py:484: in prepare_request
    p.prepare(
/root/.venv/lib/python3.11/site-packages/requests/models.py:367: in prepare
    self.prepare_url(url, params)
/root/.venv/lib/python3.11/site-packages/requests/models.py:438: in prepare_url
    raise MissingSchema(
E   requests.exceptions.MissingSchema: Invalid URL '/api/properties': No scheme supplied. Perhaps you meant https:///api/properties?</failure></testcase><testcase classname="backend.tests.test_rbac_enforcement.TestAdminAccess" name="test_admin_sees_all_bookings" time="0.005"><failure message="requests.exceptions.MissingSchema: Invalid URL '/api/bookings': No scheme supplied. Perhaps you meant https:///api/bookings?">backend/tests/test_rbac_enforcement.py:391: in test_admin_sees_all_bookings
    response = requests.get(
/root/.venv/lib/python3.11/site-packages/requests/api.py:73: in get
    return request("get", url, params=params, **kwargs)
           ^^^^^^^^^^^^^^^^^^^^^^^^^^^^^^^^^^^^^^^^^^^^
/root/.venv/lib/python3.11/site-packages/requests/api.py:59: in request
    return session.request(method=method, url=url, **kwargs)
           ^^^^^^^^^^^^^^^^^^^^^^^^^^^^^^^^^^^^^^^^^^^^^^^^^
/root/.venv/lib/python3.11/site-packages/requests/sessions.py:575: in request
    prep = self.prepare_request(req)
           ^^^^^^^^^^^^^^^^^^^^^^^^^
/root/.venv/lib/python3.11/site-packages/requests/sessions.py:484: in prepare_request
    p.prepare(
/root/.venv/lib/python3.11/site-packages/requests/models.py:367: in prepare
    self.prepare_url(url, params)
/root/.venv/lib/python3.11/site-packages/requests/models.py:438: in prepare_url
    raise MissingSchema(
E   requests.exceptions.MissingSchema: Invalid URL '/api/bookings': No scheme supplied. Perhaps you meant https:///api/bookings?</failure></testcase><testcase classname="backend.tests.test_rbac_enforcement.TestOwnerAccess" name="test_owner_gets_403_on_staff_endpoint" time="0.006"><failure message="requests.exceptions.MissingSchema: Invalid URL '/api/staff': No scheme supplied. Perhaps you meant https:///api/staff?">backend/tests/test_rbac_enforcement.py:408: in test_owner_gets_403_on_staff_endpoint
    response = requests.get(
/root/.venv/lib/python3.11/site-packages/requests/api.py:73: in get
    return request("get", url, params=params, **kwargs)
           ^^^^^^^^^^^^^^^^^^^^^^^^^^^^^^^^^^^^^^^^^^^^
/root/.venv/lib/python3.11/site-packages/requests/api.py:59: in request
    return session.request(method=method, url=url, **kwargs)
           ^^^^^^^^^^^^^^^^^^^^^^^^^^^^^^^^^^^^^^^^^^^^^^^^^
/root/.venv/lib/python3.11/site-packages/requests/sessions.py:575: in request
    prep = self.prepare_request(req)
           ^^^^^^^^^^^^^^^^^^^^^^^^^
/root/.venv/lib/python3.11/site-packages/requests/sessions.py:484: in prepare_request
    p.prepare(
/root/.venv/lib/python3.11/site-packages/requests/models.py:367: in prepare
    self.prepare_url(url, params)
/root/.venv/lib/python3.11/site-packages/requests/models.py:438: in prepare_url
    raise MissingSchema(
E   requests.exceptions.MissingSchema: Invalid URL '/api/staff': No scheme supplied. Perhaps you meant https:///api/staff?</failure></testcase><testcase classname="backend.tests.test_rbac_enforcement.TestOwnerAccess" name="test_owner_gets_403_on_payouts_endpoint" time="0.001"><failure message="requests.exceptions.MissingSchema: Invalid URL '/api/payouts': No scheme supplied. Perhaps you meant https:///api/payouts?">backend/tests/test_rbac_enforcement.py:418: in test_owner_gets_403_on_payouts_endpoint
    response = requests.get(
/root/.venv/lib/python3.11/site-packages/requests/api.py:73: in get
    return request("get", url, params=params, **kwargs)
           ^^^^^^^^^^^^^^^^^^^^^^^^^^^^^^^^^^^^^^^^^^^^
/root/.venv/lib/python3.11/site-packages/requests/api.py:59: in request
    return session.request(method=method, url=url, **kwargs)
           ^^^^^^^^^^^^^^^^^^^^^^^^^^^^^^^^^^^^^^^^^^^^^^^^^
/root/.venv/lib/python3.11/site-packages/requests/sessions.py:575: in request
    prep = self.prepare_request(req)
           ^^^^^^^^^^^^^^^^^^^^^^^^^
/root/.venv/lib/python3.11/site-packages/requests/sessions.py:484: in prepare_request
    p.prepare(
/root/.venv/lib/python3.11/site-packages/requests/models.py:367: in prepare
    self.prepare_url(url, params)
/root/.venv/lib/python3.11/site-packages/requests/models.py:438: in prepare_url
    raise MissingSchema(
E   requests.exceptions.MissingSchema: Invalid URL '/api/payouts': No scheme supplied. Perhaps you meant https:///api/payouts?</failure></testcase><testcase classname="backend.tests.test_rbac_enforcement.TestOwnerAccess" name="test_owner_can_only_see_assigned_properties" time="0.001"><failure message="requests.exceptions.MissingSchema: Invalid URL '/api/properties': No scheme supplied. Perhaps you meant https:///api/properties?">backend/tests/test_rbac_enforcement.py:428: in test_owner_can_only_see_assigned_properties
    response = requests.get(
/root/.venv/lib/python3.11/site-packages/requests/api.py:73: in get
    return request("get", url, params=params, **kwargs)
           ^^^^^^^^^^^^^^^^^^^^^^^^^^^^^^^^^^^^^^^^^^^^
/root/.venv/lib/python3.11/site-packages/requests/api.py:59: in request
    return session.request(method=method, url=url, **kwargs)
           ^^^^^^^^^^^^^^^^^^^^^^^^^^^^^^^^^^^^^^^^^^^^^^^^^
/root/.venv/lib/python3.11/site-packages/requests/sessions.py:575: in request
    prep = self.prepare_request(req)
           ^^^^^^^^^^^^^^^^^^^^^^^^^
/root/.venv/lib/python3.11/site-packages/requests/sessions.py:484: in prepare_request
    p.prepare(
/root/.venv/lib/python3.11/site-packages/requests/models.py:367: in prepare
    self.prepare_url(url, params)
/root/.venv/lib/python3.11/site-packages/requests/models.py:438: in prepare_url
    raise MissingSchema(
E   requests.exceptions.MissingSchema: Invalid URL '/api/properties': No scheme supplied. Perhaps you meant https:///api/properties?</failure></testcase><testcase classname="backend.tests.test_rbac_enforcement.TestOwnerAccess" name="test_owner_can_only_see_bookings_for_assigned_properties" time="0.000"><failure message="requests.exceptions.MissingSchema: Invalid URL '/api/bookings': No scheme supplied. Perhaps you meant https:///api/bookings?">backend/tests/test_rbac_enforcement.py:446: in test_owner_can_only_see_bookings_for_assigned_properties
    response = requests.get(
/root/.venv/lib/python3.11/site-packages/requests/api.py:73: in get
    return request("get", url, params=params, **kwargs)
           ^^^^^^^^^^^^^^^^^^^^^^^^^^^^^^^^^^^^^^^^^^^^
/root/.venv/lib/python3.11/site-packages/requests/api.py:59: in request
    return session.request(method=method, url=url, **kwargs)
           ^^^^^^^^^^^^^^^^^^^^^^^^^^^^^^^^^^^^^^^^^^^^^^^^^
/root/.venv/lib/python3.11/site-packages/requests/sessions.py:575: in request
    prep = self.prepare_request(req)
           ^^^^^^^^^^^^^^^^^^^^^^^^^
/root/.venv/lib/python3.11/site-packages/requests/sessions.py:484: in prepare_request
    p.prepare(
/root/.venv/lib/python3.11/site-packages/requests/models.py:367: in prepare
    self.prepare_url(url, params)
/root/.venv/lib/python3.11/site-packages/requests/models.py:438: in prepare_url
    raise MissingSchema(
E   requests.exceptions.MissingSchema: Invalid URL '/api/bookings': No scheme supplied. Perhaps you meant https:///api/bookings?</failure></testcase><testcase classname="backend.tests.test_rbac_enforcement.TestOwnerAccess" name="test_owner_can_only_see_expenses_for_assigned_properties" time="0.001"><failure message="requests.exceptions.MissingSchema: Invalid URL '/api/expenses': No scheme supplied. Perhaps you meant https:///api/expenses?">backend/tests/test_rbac_enforcement.py:467: in test_owner_can_only_see_expenses_for_assigned_properties
    response = requests.get(
/root/.venv/lib/python3.11/site-packages/requests/api.py:73: in get
    return request("get", url, params=params, **kwargs)
           ^^^^^^^^^^^^^^^^^^^^^^^^^^^^^^^^^^^^^^^^^^^^
/root/.venv/lib/python3.11/site-packages/requests/api.py:59: in request
    return session.request(method=method, url=url, **kwargs)
           ^^^^^^^^^^^^^^^^^^^^^^^^^^^^^^^^^^^^^^^^^^^^^^^^^
/root/.venv/lib/python3.11/site-packages/requests/sessions.py:575: in request
    prep = self.prepare_request(req)
           ^^^^^^^^^^^^^^^^^^^^^^^^^
/root/.venv/lib/python3.11/site-packages/requests/sessions.py:484: in prepare_request
    p.prepare(
/root/.venv/lib/python3.11/site-packages/requests/models.py:367: in prepare
    self.prepare_url(url, params)
/root/.venv/lib/python3.11/site-packages/requests/models.py:438: in prepare_url
    raise MissingSchema(
E   requests.exceptions.MissingSchema: Invalid URL '/api/expenses': No scheme supplied. Perhaps you meant https:///api/expenses?</failure></testcase><testcase classname="backend.tests.test_rbac_enforcement.TestOwnerAccess" name="test_owner_dashboard_kpis_filtered_by_assigned_properties" time="0.001"><failure message="requests.exceptions.MissingSchema: Invalid URL '/api/dashboard/kpis': No scheme supplied. Perhaps you meant https:///api/dashboard/kpis?">backend/tests/test_rbac_enforcement.py:484: in test_owner_dashboard_kpis_filtered_by_assigned_properties
    response = requests.get(
/root/.venv/lib/python3.11/site-packages/requests/api.py:73: in get
    return request("get", url, params=params, **kwargs)
           ^^^^^^^^^^^^^^^^^^^^^^^^^^^^^^^^^^^^^^^^^^^^
/root/.venv/lib/python3.11/site-packages/requests/api.py:59: in request
    return session.request(method=method, url=url, **kwargs)
           ^^^^^^^^^^^^^^^^^^^^^^^^^^^^^^^^^^^^^^^^^^^^^^^^^
/root/.venv/lib/python3.11/site-packages/requests/sessions.py:575: in request
    prep = self.prepare_request(req)
           ^^^^^^^^^^^^^^^^^^^^^^^^^
/root/.venv/lib/python3.11/site-packages/requests/sessions.py:484: in prepare_request
    p.prepare(
/root/.venv/lib/python3.11/site-packages/requests/models.py:367: in prepare
    self.prepare_url(url, params)
/root/.venv/lib/python3.11/site-packages/requests/models.py:438: in prepare_url
    raise MissingSchema(
E   requests.exceptions.MissingSchema: Invalid URL '/api/dashboard/kpis': No scheme supplied. Perhaps you meant https:///api/dashboard/kpis?</failure></testcase><testcase classname="backend.tests.test_rbac_enforcement.TestOwnerAccess" name="test_owner_can_access_analytics" time="0.004"><failure message="requests.exceptions.MissingSchema: Invalid URL '/api/analytics': No scheme supplied. Perhaps you meant https:///api/analytics?">backend/tests/test_rbac_enforcement.py:502: in test_owner_can_access_analytics
    response = requests.get(
/root/.venv/lib/python3.11/site-packages/requests/api.py:73: in get
    return request("get", url, params=params, **kwargs)
           ^^^^^^^^^^^^^^^^^^^^^^^^^^^^^^^^^^^^^^^^^^^^
/root/.venv/lib/python3.11/site-packages/requests/api.py:59: in request
    return session.request(method=method, url=url, **kwargs)
           ^^^^^^^^^^^^^^^^^^^^^^^^^^^^^^^^^^^^^^^^^^^^^^^^^
/root/.venv/lib/python3.11/site-packages/requests/sessions.py:575: in request
    prep = self.prepare_request(req)
           ^^^^^^^^^^^^^^^^^^^^^^^^^
/root/.venv/lib/python3.11/site-packages/requests/sessions.py:484: in prepare_request
    p.prepare(
/root/.venv/lib/python3.11/site-packages/requests/models.py:367: in prepare
    self.prepare_url(url, params)
/root/.venv/lib/python3.11/site-packages/requests/models.py:438: in prepare_url
    raise MissingSchema(
E   requests.exceptions.MissingSchema: Invalid URL '/api/analytics': No scheme supplied. Perhaps you meant https:///api/analytics?</failure></testcase><testcase classname="backend.tests.test_rbac_enforcement.TestStaffAccess" name="test_staff_gets_403_on_staff_endpoint_for_others" time="0.007"><failure message="requests.exceptions.MissingSchema: Invalid URL '/api/staff': No scheme supplied. Perhaps you meant https:///api/staff?">backend/tests/test_rbac_enforcement.py:515: in test_staff_gets_403_on_staff_endpoint_for_others
    response = requests.get(
/root/.venv/lib/python3.11/site-packages/requests/api.py:73: in get
    return request("get", url, params=params, **kwargs)
           ^^^^^^^^^^^^^^^^^^^^^^^^^^^^^^^^^^^^^^^^^^^^
/root/.venv/lib/python3.11/site-packages/requests/api.py:59: in request
    return session.request(method=method, url=url, **kwargs)
           ^^^^^^^^^^^^^^^^^^^^^^^^^^^^^^^^^^^^^^^^^^^^^^^^^
/root/.venv/lib/python3.11/site-packages/requests/sessions.py:575: in request
    prep = self.prepare_request(req)
           ^^^^^^^^^^^^^^^^^^^^^^^^^
/root/.venv/lib/python3.11/site-packages/requests/sessions.py:484: in prepare_request
    p.prepare(
/root/.venv/lib/python3.11/site-packages/requests/models.py:367: in prepare
    self.prepare_url(url, params)
/root/.venv/lib/python3.11/site-packages/requests/models.py:438: in prepare_url
    raise MissingSchema(
E   requests.exceptions.MissingSchema: Invalid URL '/api/staff': No scheme supplied. Perhaps you meant https:///api/staff?</failure></testcase><testcase classname="backend.tests.test_rbac_enforcement.TestStaffAccess" name="test_staff_gets_403_on_payouts_endpoint" time="0.001"><failure message="requests.exceptions.MissingSchema: Invalid URL '/api/payouts': No scheme supplied. Perhaps you meant https:///api/payouts?">backend/tests/test_rbac_enforcement.py:534: in test_staff_gets_403_on_payouts_endpoint
    response = requests.get(
/root/.venv/lib/python3.11/site-packages/requests/api.py:73: in get
    return request("get", url, params=params, **kwargs)
           ^^^^^^^^^^^^^^^^^^^^^^^^^^^^^^^^^^^^^^^^^^^^
/root/.venv/lib/python3.11/site-packages/requests/api.py:59: in request
    return session.request(method=method, url=url, **kwargs)
           ^^^^^^^^^^^^^^^^^^^^^^^^^^^^^^^^^^^^^^^^^^^^^^^^^
/root/.venv/lib/python3.11/site-packages/requests/sessions.py:575: in request
    prep = self.prepare_request(req)
           ^^^^^^^^^^^^^^^^^^^^^^^^^
/root/.venv/lib/python3.11/site-packages/requests/sessions.py:484: in prepare_request
    p.prepare(
/root/.venv/lib/python3.11/site-packages/requests/models.py:367: in prepare
    self.prepare_url(url, params)
/root/.venv/lib/python3.11/site-packages/requests/models.py:438: in prepare_url
    raise MissingSchema(
E   requests.exceptions.MissingSchema: Invalid URL '/api/payouts': No scheme supplied. Perhaps you meant https:///api/payouts?</failure></testcase><testcase classname="backend.tests.test_rbac_enforcement.TestStaffAccess" name="test_staff_without_permission_gets_403_on_analytics" time="0.000"><failure message="requests.exceptions.MissingSchema: Invalid URL '/api/analytics': No scheme supplied. Perhaps you meant https:///api/analytics?">backend/tests/test_rbac_enforcement.py:544: in test_staff_without_permission_gets_403_on_analytics
    response = requests.get(
/root/.venv/lib/python3.11/site-packages/requests/api.py:73: in get
    return request("get", url, params=params, **kwargs)
           ^^^^^^^^^^^^^^^^^^^^^^^^^^^^^^^^^^^^^^^^^^^^
/root/.venv/lib/python3.11/site-packages/requests/api.py:59: in request
    return session.request(method=method, url=url, **kwargs)
           ^^^^^^^^^^^^^^^^^^^^^^^^^^^^^^^^^^^^^^^^^^^^^^^^^
/root/.venv/lib/python3.11/site-packages/requests/sessions.py:575: in request
    prep = self.prepare_request(req)
           ^^^^^^^^^^^^^^^^^^^^^^^^^
/root/.venv/lib/python3.11/site-packages/requests/sessions.py:484: in prepare_request
    p.prepare(
/root/.venv/lib/python3.11/site-packages/requests/models.py:367: in prepare
    self.prepare_url(url, params)
/root/.venv/lib/python3.11/site-packages/requests/models.py:438: in prepare_url
    raise MissingSchema(
E   requests.exceptions.MissingSchema: Invalid URL '/api/analytics': No scheme supplied. Perhaps you meant https:///api/analytics?</failure></testcase><testcase classname="backend.tests.test_rbac_enforcement.TestStaffAccess" name="test_staff_without_permission_gets_403_on_expenses" time="0.001"><failure message="requests.exceptions.MissingSchema: Invalid URL '/api/expenses': No scheme supplied. Perhaps you meant https:///api/expenses?">backend/tests/test_rbac_enforcement.py:554: in test_staff_without_permission_gets_403_on_expenses
    response = requests.get(
/root/.venv/lib/python3.11/site-packages/requests/api.py:73: in get
    return request("get", url, params=params, **kwargs)
           ^^^^^^^^^^^^^^^^^^^^^^^^^^^^^^^^^^^^^^^^^^^^
/root/.venv/lib/python3.11/site-packages/requests/api.py:59: in request
    return session.request(method=method, url=url, **kwargs)
           ^^^^^^^^^^^^^^^^^^^^^^^^^^^^^^^^^^^^^^^^^^^^^^^^^
/root/.venv/lib/python3.11/site-packages/requests/sessions.py:575: in request
    prep = self.prepare_request(req)
           ^^^^^^^^^^^^^^^^^^^^^^^^^
/root/.venv/lib/python3.11/site-packages/requests/sessions.py:484: in prepare_request
    p.prepare(
/root/.venv/lib/python3.11/site-packages/requests/models.py:367: in prepare
    self.prepare_url(url, params)
/root/.venv/lib/python3.11/site-packages/requests/models.py:438: in prepare_url
    raise MissingSchema(
E   requests.exceptions.MissingSchema: Invalid URL '/api/expenses': No scheme supplied. Perhaps you meant https:///api/expenses?</failure></testcase><testcase classname="backend.tests.test_rbac_enforcement.TestStaffAccess" name="test_staff_without_permission_gets_403_on_source_breakdown" time="0.003"><failure message="requests.exceptions.MissingSchema: Invalid URL '/api/analytics/source-breakdown': No scheme supplied. Perhaps you meant https:///api/analytics/source-breakdown?">backend/tests/test_rbac_enforcement.py:564: in test_staff_without_permission_gets_403_on_source_breakdown
    response = requests.get(
/root/.venv/lib/python3.11/site-packages/requests/api.py:73: in get
    return request("get", url, params=params, **kwargs)
           ^^^^^^^^^^^^^^^^^^^^^^^^^^^^^^^^^^^^^^^^^^^^
/root/.venv/lib/python3.11/site-packages/requests/api.py:59: in request
    return session.request(method=method, url=url, **kwargs)
           ^^^^^^^^^^^^^^^^^^^^^^^^^^^^^^^^^^^^^^^^^^^^^^^^^
/root/.venv/lib/python3.11/site-packages/requests/sessions.py:575: in request
    prep = self.prepare_request(req)
           ^^^^^^^^^^^^^^^^^^^^^^^^^
/root/.venv/lib/python3.11/site-packages/requests/sessions.py:484: in prepare_request
    p.prepare(
/root/.venv/lib/python3.11/site-packages/requests/models.py:367: in prepare
    self.prepare_url(url, params)
/root/.venv/lib/python3.11/site-packages/requests/models.py:438: in prepare_url
    raise MissingSchema(
E   requests.exceptions.MissingSchema: Invalid URL '/api/analytics/source-breakdown': No scheme supplied. Perhaps you meant https:///api/analytics/source-breakdown?</failure></testcase><testcase classname="backend.tests.test_rbac_enforcement.TestStaffWithPermission" name="test_staff_with_permission_can_access_analytics" time="0.005"><failure message="requests.exceptions.MissingSchema: Invalid URL '/api/analytics': No scheme supplied. Perhaps you meant https:///api/analytics?">backend/tests/test_rbac_enforcement.py:578: in test_staff_with_permission_can_access_analytics
    response = requests.get(
/root/.venv/lib/python3.11/site-packages/requests/api.py:73: in get
    return request("get", url, params=params, **kwargs)
           ^^^^^^^^^^^^^^^^^^^^^^^^^^^^^^^^^^^^^^^^^^^^
/root/.venv/lib/python3.11/site-packages/requests/api.py:59: in request
    return session.request(method=method, url=url, **kwargs)
           ^^^^^^^^^^^^^^^^^^^^^^^^^^^^^^^^^^^^^^^^^^^^^^^^^
/root/.venv/lib/python3.11/site-packages/requests/sessions.py:575: in request
    prep = self.prepare_request(req)
           ^^^^^^^^^^^^^^^^^^^^^^^^^
/root/.venv/lib/python3.11/site-packages/requests/sessions.py:484: in prepare_request
    p.prepare(
/root/.venv/lib/python3.11/site-packages/requests/models.py:367: in prepare
    self.prepare_url(url, params)
/root/.venv/lib/python3.11/site-packages/requests/models.py:438: in prepare_url
    raise MissingSchema(
E   requests.exceptions.MissingSchema: Invalid URL '/api/analytics': No scheme supplied. Perhaps you meant https:///api/analytics?</failure></testcase><testcase classname="backend.tests.test_rbac_enforcement.TestStaffWithPermission" name="test_staff_with_permission_can_access_source_breakdown" time="0.000"><failure message="requests.exceptions.MissingSchema: Invalid URL '/api/analytics/source-breakdown': No scheme supplied. Perhaps you meant https:///api/analytics/source-breakdown?">backend/tests/test_rbac_enforcement.py:588: in test_staff_with_permission_can_access_source_breakdown
    response = requests.get(
/root/.venv/lib/python3.11/site-packages/requests/api.py:73: in get
    return request("get", url, params=params, **kwargs)
           ^^^^^^^^^^^^^^^^^^^^^^^^^^^^^^^^^^^^^^^^^^^^
/root/.venv/lib/python3.11/site-packages/requests/api.py:59: in request
    return session.request(method=method, url=url, **kwargs)
           ^^^^^^^^^^^^^^^^^^^^^^^^^^^^^^^^^^^^^^^^^^^^^^^^^
/root/.venv/lib/python3.11/site-packages/requests/sessions.py:575: in request
    prep = self.prepare_request(req)
           ^^^^^^^^^^^^^^^^^^^^^^^^^
/root/.venv/lib/python3.11/site-packages/requests/sessions.py:484: in prepare_request
    p.prepare(
/root/.venv/lib/python3.11/site-packages/requests/models.py:367: in prepare
    self.prepare_url(url, params)
/root/.venv/lib/python3.11/site-packages/requests/models.py:438: in prepare_url
    raise MissingSchema(
E   requests.exceptions.MissingSchema: Invalid URL '/api/analytics/source-breakdown': No scheme supplied. Perhaps you meant https:///api/analytics/source-breakdown?</failure></testcase><testcase classname="backend.tests.test_rbac_enforcement.TestStaffWithPermission" name="test_staff_with_permission_can_access_expenses" time="0.000"><failure message="requests.exceptions.MissingSchema: Invalid URL '/api/expenses': No scheme supplied. Perhaps you meant https:///api/expenses?">backend/tests/test_rbac_enforcement.py:598: in test_staff_with_permission_can_access_expenses
    response = requests.get(
/root/.venv/lib/python3.11/site-packages/requests/api.py:73: in get
    return request("get", url, params=params, **kwargs)
           ^^^^^^^^^^^^^^^^^^^^^^^^^^^^^^^^^^^^^^^^^^^^
/root/.venv/lib/python3.11/site-packages/requests/api.py:59: in request
    return session.request(method=method, url=url, **kwargs)
           ^^^^^^^^^^^^^^^^^^^^^^^^^^^^^^^^^^^^^^^^^^^^^^^^^
/root/.venv/lib/python3.11/site-packages/requests/sessions.py:575: in request
    prep = self.prepare_request(req)
           ^^^^^^^^^^^^^^^^^^^^^^^^^
/root/.venv/lib/python3.11/site-packages/requests/sessions.py:484: in prepare_request
    p.prepare(
/root/.venv/lib/python3.11/site-packages/requests/models.py:367: in prepare
    self.prepare_url(url, params)
/root/.venv/lib/python3.11/site-packages/requests/models.py:438: in prepare_url
    raise MissingSchema(
E   requests.exceptions.MissingSchema: Invalid URL '/api/expenses': No scheme supplied. Perhaps you meant https:///api/expenses?</failure></testcase><testcase classname="backend.tests.test_rbac_enforcement.TestStaffWithPermission" name="test_staff_with_permission_still_denied_payouts" time="0.008"><failure message="requests.exceptions.MissingSchema: Invalid URL '/api/payouts': No scheme supplied. Perhaps you meant https:///api/payouts?">backend/tests/test_rbac_enforcement.py:608: in test_staff_with_permission_still_denied_payouts
    response = requests.get(
/root/.venv/lib/python3.11/site-packages/requests/api.py:73: in get
    return request("get", url, params=params, **kwargs)
           ^^^^^^^^^^^^^^^^^^^^^^^^^^^^^^^^^^^^^^^^^^^^
/root/.venv/lib/python3.11/site-packages/requests/api.py:59: in request
    return session.request(method=method, url=url, **kwargs)
           ^^^^^^^^^^^^^^^^^^^^^^^^^^^^^^^^^^^^^^^^^^^^^^^^^
/root/.venv/lib/python3.11/site-packages/requests/sessions.py:575: in request
    prep = self.prepare_request(req)
           ^^^^^^^^^^^^^^^^^^^^^^^^^
/root/.venv/lib/python3.11/site-packages/requests/sessions.py:484: in prepare_request
    p.prepare(
/root/.venv/lib/python3.11/site-packages/requests/models.py:367: in prepare
    self.prepare_url(url, params)
/root/.venv/lib/python3.11/site-packages/requests/models.py:438: in prepare_url
    raise MissingSchema(
E   requests.exceptions.MissingSchema: Invalid URL '/api/payouts': No scheme supplied. Perhaps you meant https:///api/payouts?</failure></testcase><testcase classname="backend.tests.test_rbac_enforcement.TestCrossRoleComparison" name="test_admin_sees_more_properties_than_owner" time="0.008"><failure message="requests.exceptions.MissingSchema: Invalid URL '/api/properties': No scheme supplied. Perhaps you meant https:///api/properties?">backend/tests/test_rbac_enforcement.py:623: in test_admin_sees_more_properties_than_owner
    admin_response = requests.get(
/root/.venv/lib/python3.11/site-packages/requests/api.py:73: in get
    return request("get", url, params=params, **kwargs)
           ^^^^^^^^^^^^^^^^^^^^^^^^^^^^^^^^^^^^^^^^^^^^
/root/.venv/lib/python3.11/site-packages/requests/api.py:59: in request
    return session.request(method=method, url=url, **kwargs)
           ^^^^^^^^^^^^^^^^^^^^^^^^^^^^^^^^^^^^^^^^^^^^^^^^^
/root/.venv/lib/python3.11/site-packages/requests/sessions.py:575: in request
    prep = self.prepare_request(req)
           ^^^^^^^^^^^^^^^^^^^^^^^^^
/root/.venv/lib/python3.11/site-packages/requests/sessions.py:484: in prepare_request
    p.prepare(
/root/.venv/lib/python3.11/site-packages/requests/models.py:367: in prepare
    self.prepare_url(url, params)
/root/.venv/lib/python3.11/site-packages/requests/models.py:438: in prepare_url
    raise MissingSchema(
E   requests.exceptions.MissingSchema: Invalid URL '/api/properties': No scheme supplied. Perhaps you meant https:///api/properties?</failure></testcase></testsuite></testsuites>