<?xml version="1.0" encoding="utf-8"?><testsuites name="pytest tests"><testsuite name="pytest" errors="0" failures="1" skipped="0" tests="8" time="1.111" timestamp="2026-02-22T22:22:07.757950+00:00" hostname="agent-env-42ba0c67-c593-4aa1-968e-252acf8e6a55"><testcase classname="backend.tests.test_blocked_dates_v2.TestBlockedDatesV2" name="test_01_auth_verification" time="0.268" /><testcase classname="backend.tests.test_blocked_dates_v2.TestBlockedDatesV2" name="test_02_get_bookings_excludes_blocked" time="0.065" /><testcase classname="backend.tests.test_blocked_dates_v2.TestBlockedDatesV2" name="test_03_get_blocked_dates_endpoint" time="0.078" /><testcase classname="backend.tests.test_blocked_dates_v2.TestBlockedDatesV2" name="test_04_kpis_exclude_blocked_revenue" time="0.072" /><testcase classname="backend.tests.test_blocked_dates_v2.TestBlockedDatesV2" name="test_05_create_booking_conflict_with_blocked" time="0.144" /><testcase classname="backend.tests.test_blocked_dates_v2.TestBlockedDatesV2" name="test_06_force_override_creates_booking" time="0.155" /><testcase classname="backend.tests.test_blocked_dates_v2.TestBlockedDatesV2" name="test_07_verify_booking_types" time="0.119"><failure message="AssertionError: Main bookings list should not contain blocked type&#10;assert ('blocked' not in {'blocked': 6, 'reservation': 63} or 6 == 0)&#10; +  where 6 = &lt;built-in method get of dict object at 0xf888239a5080&gt;('blocked', 0)&#10; +    where &lt;built-in method get of dict object at 0xf888239a5080&gt; = {'blocked': 6, 'reservation': 63}.get">backend/tests/test_blocked_dates_v2.py:228: in test_07_verify_booking_types
    assert "blocked" not in types_in_bookings or types_in_bookings.get("blocked", 0) == 0, \
E   AssertionError: Main bookings list should not contain blocked type
E   assert ('blocked' not in {'blocked': 6, 'reservation': 63} or 6 == 0)
E    +  where 6 = &lt;built-in method get of dict object at 0xf888239a5080&gt;('blocked', 0)
E    +    where &lt;built-in method get of dict object at 0xf888239a5080&gt; = {'blocked': 6, 'reservation': 63}.get</failure></testcase><testcase classname="backend.tests.test_blocked_dates_v2.TestBlockedDatesV2" name="test_08_cleanup_test_bookings" time="0.129" /></testsuite></testsuites>