<?xml version="1.0" encoding="utf-8"?><testsuites name="pytest tests"><testsuite name="pytest" errors="0" failures="0" skipped="0" tests="17" time="16.590" timestamp="2026-02-23T19:26:32.624500+00:00" hostname="agent-env-bd5fad4e-e903-4983-adfc-3f0fb43cad07"><testcase classname="backend.tests.test_email_invite_fixes.TestInvitationValidation" name="test_01_validate_nonexistent_token_returns_404" time="3.311" /><testcase classname="backend.tests.test_email_invite_fixes.TestInvitationValidation" name="test_02_validate_cancelled_token_returns_400" time="1.111" /><testcase classname="backend.tests.test_email_invite_fixes.TestInvitationValidation" name="test_03_validate_expired_token_returns_400" time="0.997" /><testcase classname="backend.tests.test_email_invite_fixes.TestInvitationValidation" name="test_04_validate_used_token_shows_already_used" time="1.072" /><testcase classname="backend.tests.test_email_invite_fixes.TestInvitationValidation" name="test_05_validate_valid_token_returns_invitation_data" time="1.099" /><testcase classname="backend.tests.test_email_invite_fixes.TestRegisterWithInvite" name="test_01_register_invalid_token_returns_404" time="1.096" /><testcase classname="backend.tests.test_email_invite_fixes.TestRegisterWithInvite" name="test_02_register_cancelled_token_returns_400" time="0.974" /><testcase classname="backend.tests.test_email_invite_fixes.TestRegisterWithInvite" name="test_03_register_success_creates_user" time="1.257" /><testcase classname="backend.tests.test_email_invite_fixes.TestRegisterWithInvite" name="test_04_register_sets_session_cookie" time="1.599" /><testcase classname="backend.tests.test_email_invite_fixes.TestPasswordLogin" name="test_01_login_success" time="1.389" /><testcase classname="backend.tests.test_email_invite_fixes.TestPasswordLogin" name="test_02_login_invalid_password" time="1.342" /><testcase classname="backend.tests.test_email_invite_fixes.TestPasswordLogin" name="test_03_login_nonexistent_user" time="1.245" /><testcase classname="backend.tests.test_email_invite_fixes.TestEmailConfiguration" name="test_01_sender_email_env_configured" time="0.003" /><testcase classname="backend.tests.test_email_invite_fixes.TestEmailConfiguration" name="test_02_frontend_url_env_configured" time="0.002" /><testcase classname="backend.tests.test_email_invite_fixes.TestEmailConfiguration" name="test_03_resend_api_key_configured" time="0.002" /><testcase classname="backend.tests.test_email_invite_fixes.TestEmailConfiguration" name="test_04_code_uses_onboarding_resend_for_gmail" time="0.003" /><testcase classname="backend.tests.test_email_invite_fixes.TestEmailConfiguration" name="test_05_code_uses_frontend_url_for_invite_link" time="0.003" /></testsuite></testsuites>