<?xml version="1.0" encoding="utf-8"?><testsuites name="pytest tests"><testsuite name="pytest" errors="0" failures="0" skipped="0" tests="8" time="1.120" timestamp="2026-02-22T22:22:46.793911+00:00" hostname="agent-env-42ba0c67-c593-4aa1-968e-252acf8e6a55"><testcase classname="backend.tests.test_blocked_dates_v2.TestBlockedDatesV2" name="test_01_auth_verification" time="0.195" /><testcase classname="backend.tests.test_blocked_dates_v2.TestBlockedDatesV2" name="test_02_get_bookings_excludes_blocked" time="0.067" /><testcase classname="backend.tests.test_blocked_dates_v2.TestBlockedDatesV2" name="test_03_get_blocked_dates_endpoint" time="0.069" /><testcase classname="backend.tests.test_blocked_dates_v2.TestBlockedDatesV2" name="test_04_kpis_exclude_blocked_revenue" time="0.070" /><testcase classname="backend.tests.test_blocked_dates_v2.TestBlockedDatesV2" name="test_05_create_booking_conflict_with_blocked" time="0.133" /><testcase classname="backend.tests.test_blocked_dates_v2.TestBlockedDatesV2" name="test_06_force_override_creates_booking" time="0.140" /><testcase classname="backend.tests.test_blocked_dates_v2.TestBlockedDatesV2" name="test_07_verify_booking_types" time="0.195" /><testcase classname="backend.tests.test_blocked_dates_v2.TestBlockedDatesV2" name="test_08_cleanup_test_bookings" time="0.188" /></testsuite></testsuites>